{
	"id": 51276162,
	"number": 193,
	"state": "closed",
	"title": "path.TestWalk Faile",
	"body": "by **javier.almillategui**:\n\n\u003cpre\u003eWhat steps will reproduce the problem?\n1. ./all.bash\n\nWhat is the expected output? What do you see instead?\n\nShould be:\n\n--- cd ../test\nN known bugs; 0 unexpected bugs\n\nI see:\n\ncd path \u0026amp;\u0026amp; make test\ngotest\nrm -f _test/path.a _gotest_.6\n6g -o _gotest_.6 path.go    path_test.go\nrm -f _test/path.a\ngopack grc _test/path.a _gotest_.6 \n--- FAIL: path.TestWalk\n\t1. error expected, none found\n\tnode testdata/d/x mark = 2; expected 1\n\tnode testdata/d/y mark = 2; expected 1\n\tnode testdata/d/z mark = 2; expected 1\n\tnode testdata/d/z/u mark = 2; expected 1\n\tnode testdata/d/z/v mark = 2; expected 1\nFAIL\nmake[1]: *** [test] Error 1\nmake: *** [path.test] Error 2\n\nWhat is your $GOOS?  $GOARCH?\n\n# Go Lang Env Variables\n\nexport GOROOT=/usr/local/go\nexport GOARCH=amd64\nexport GOOS=darwin\nexport GOBIN=/usr/local/bin\n\n# set for hg to work on snow leopard\n\nexport LC_ALL=es_ES.UTF-8\nexport LANG=es_ES.UTF-8\n\nWhich revision are you sync'ed to?  (hg log -l 1)\n\nchangeset:   4015:cb140bac9ab0\ntag:         tip\nuser:        Russ Cox \u0026lt;rsc@golang.org\u0026gt;\ndate:        Thu Nov 12 14:55:26 2009 -0800\nsummary:     test/run: unset GREP_OPTIONS\n\nPlease provide any additional information below.\n\nRunning Mac OS X 10.6.2 with xCode 3.2.1\n\nuname -rmv\n\n10.2.0 Darwin Kernel Version 10.2.0: Tue Nov  3 10:37:10 PST 2009; root:xnu-\n1486.2.11~1/RELEASE_I386 i386\u003c/pre\u003e",
	"user": {
		"login": "gopherbot",
		"id": 8566911,
		"type": "User",
		"site_admin": false
	},
	"labels": [
		{
			"name": "FrozenDueToAge"
		}
	],
	"comments": 1,
	"closed_at": "2014-12-08T10:03:36Z",
	"created_at": "2009-11-15T03:50:58Z",
	"updated_at": "2016-06-24T19:04:49Z"
}
