{
	"id": 85761571,
	"body": "I made a test VM image from rev 4 of https://go-review.googlesource.com/#/c/7970/4 and a locally-modified gomote (well, locally modified dashboard/builders.go using my temporary testing VM image name) but it fails when running go/src/nacltest.bash with:\r\n\r\n```\r\n##### Testing packages. \r\nok      archive/tar     0.928s\r\nok      archive/zip     1.725s\r\nok      bufio   0.175s\r\nok      bytes   0.181s\r\nok      compress/bzip2  0.130s\r\nok      compress/flate  1.657s\r\nok      compress/gzip   0.834s\r\nok      compress/lzw    0.929s\r\nok      compress/zlib   2.367s\r\nok      container/heap  0.055s\r\nok      container/list  0.055s\r\nok      container/ring  0.062s\r\n?       crypto  [no test files]\r\nok      crypto/aes      0.090s\r\n--- FAIL: ExampleNewCTR (0.00s)\r\npanic: open /dev/urandom: No such file or directory [recovered]\r\n        panic: open /dev/urandom: No such file or directory\r\n\r\ngoroutine 1 [running]:\r\ntesting.runExample.func2(0xcca3f8f9, 0xe, 0xa49ff20, 0x778c00, 0x1091c260, 0x1091c0f0, 0x1185b300, 0x222df8, 0xd, 0x264dcc, ...)\r\n        /tmp/buildlet-scatch379298522/go/src/testing/example.go:93 +0x420\r\ncrypto/cipher_test.ExampleNewCTR()\r\n        /tmp/buildlet-scatch379298522/go/src/crypto/cipher/example_test.go:155 +0x2a0\r\ntesting.runExample(0x222df8, 0xd, 0x264dcc, 0x226598, 0xf, 0x0, 0x0, 0x1)\r\n        /tmp/buildlet-scatch379298522/go/src/testing/example.go:98 +0x420\r\ntesting.RunExamples(0x264e20, 0x7738c0, 0x4, 0x4, 0x1f0401, 0x1)\r\n        /tmp/buildlet-scatch379298522/go/src/testing/example.go:36 +0x360\r\ntesting.(*M).Run(0x1093a120, 0x7738c0, 0x4, 0x4)\r\n        /tmp/buildlet-scatch379298522/go/src/testing/testing.go:491 +0x140\r\nmain.main()\r\n        /tmp/go-build394476987/crypto/cipher/_test/_testmain.go:96 +0x200\r\nFAIL    crypto/cipher   0.851s\r\nok      crypto/des      0.066s\r\n--- FAIL: TestSignAndVerify (0.88s)\r\n        dsa_test.go:17: 0: error signing: open /dev/urandom: No such file or directory\r\nFAIL    \r\nFAIL    crypto/dsa      0.983s\r\n--- FAIL: TestKeyGeneration (0.76s)\r\n        ecdsa_test.go:27: p224: error: open /dev/urandom: No such file or directory\r\n--- FAIL: TestSignAndVerify (0.00s)\r\npanic: runtime error: invalid memory address or nil pointer dereference [recovered]\r\n        panic: runtime error: invalid memory address or nil pointer dereference\r\n[signal 0xb code=0xffffffff addr=0x0 pc=0xb79c4]\r\n        \r\ngoroutine 8 [running]:\r\ntesting.tRunner.func1(0x1147a000, 0x10a1bd7c)\r\n        /tmp/buildlet-scatch379298522/go/src/testing/testing.go:446 +0x1e0\r\ncrypto/ecdsa.Sign(0xfeec42f0, 0x10a0a700, 0x0, 0x114bc130, 0x7, 0x8, 0x0, 0x0, 0x0, 0x0)\r\n        /tmp/buildlet-scatch379298522/go/src/crypto/ecdsa/ecdsa.go:138 +0x944\r\ncrypto/ecdsa.testSignAndVerify(0x1147a000, 0xfeec4390, 0x10a5e070, 0x24e488, 0x4, 0x5a5c)\r\n        /tmp/buildlet-scatch379298522/go/src/crypto/ecdsa/ecdsa_test.go:49 +0x100\r\ncrypto/ecdsa.TestSignAndVerify(0x1147a000, 0x0)\r\n        /tmp/buildlet-scatch379298522/go/src/crypto/ecdsa/ecdsa_test.go:66 +0x80\r\ntesting.tRunner(0x1147a000, 0x7b424c)\r\n        /tmp/buildlet-scatch379298522/go/src/testing/testing.go:452 +0x120\r\ncreated by testing.RunTests\r\n        /tmp/buildlet-scatch379298522/go/src/testing/testing.go:560 +0xb20\r\n…\r\ngoroutine 1 [chan receive]:\r\ntesting.RunTests(0x28c7e0, 0x7a1f80, 0x16, 0x16, 0xfeec0000, 0x10a1c048)\r\n        /tmp/buildlet-scatch379298522/go/src/testing/testing.go:561 +0xb60\r\ntesting.(*M).Run(0x10a3a1e0, 0x7bbf60, 0x0, 0x0)\r\n        /tmp/buildlet-scatch379298522/go/src/testing/testing.go:490 +0x100\r\nmain.main()\r\n        /tmp/go-build394476987/crypto/rsa/_test/_testmain.go:100 +0x200\r\nFAIL    crypto/rsa      1.119s\r\nok      crypto/sha1     0.855s\r\nok      crypto/sha256   0.056s\r\nok      crypto/sha512   0.069s\r\nok      crypto/subtle   0.060s\r\n--- FAIL: TestClientResumption (0.00s)\r\n        handshake_client_test.go:399: Handshake: handshake failed: remote error: internal error\r\n--- FAIL: TestVersion (0.00s)\r\n        handshake_server_test.go:278: handshake failed: remote error: internal error\r\n--- FAIL: TestCipherSuitePreference (0.00s)\r\n        handshake_server_test.go:297: handshake failed: remote error: internal error\r\n--- FAIL: TestFallbackSCSV (0.00s)\r\n        handshake_server_test.go:478: TLSv11-FallbackSCSV #2: mismatch on read: got:15030200020250 want:15030200020256\r\n        handshake_server_test.go:441: Error from Server.Write: open /dev/urandom: No such file or directory\r\n        handshake_server_test.go:447: Error expected containing 'inappropriate protocol fallback' but got 'open /dev/urandom: No such file or directory'\r\nFAIL\r\nFAIL    crypto/tls      9.590s\r\n--- FAIL: TestEncrypt (0.77s)\r\n        pem_decrypt_test.go:42: test 0. 1\r\n        pem_decrypt_test.go:50: encrypt:  x509: cannot generate IV: open /dev/urandom: No such file or directory\r\n        pem_decrypt_test.go:42: test 1. 2\r\n        pem_decrypt_test.go:50: encrypt:  x509: cannot generate IV: open /dev/urandom: No such file or directory\r\n        pem_decrypt_test.go:42: test 2. 3\r\n        pem_decrypt_test.go:50: encrypt:  x509: cannot generate IV: open /dev/urandom: No such file or directory\r\n        pem_decrypt_test.go:42: test 3. 4\r\n        pem_decrypt_test.go:50: encrypt:  x509: cannot generate IV: open /dev/urandom: No such file or directory\r\n        pem_decrypt_test.go:42: test 4. 5\r\n        pem_decrypt_test.go:50: encrypt:  x509: cannot generate IV: open /dev/urandom: No such file or directory\r\n        pem_decrypt_test.go:42: test 5. 3\r\n        pem_decrypt_test.go:50: encrypt:  x509: cannot generate IV: open /dev/urandom: No such file or directory\r\n--- FAIL: TestCreateSelfSignedCertificate (0.00s)\r\n        x509_test.go:317: Failed to generate ECDSA key: open /dev/urandom: No such file or directory\r\n--- FAIL: TestUnknownCriticalExtension (0.00s)\r\n        x509_test.go:495: Failed to generate ECDSA key: open /dev/urandom: No such file or directory\r\n--- FAIL: TestCRLCreation (0.00s)\r\n        x509_test.go:759: error creating CRL: open /dev/urandom: No such file or directory\r\n        x509_test.go:764: error reparsing CRL: asn1: syntax error: sequence truncated\r\n--- FAIL: TestCreateCertificateRequest (0.00s)\r\n        x509_test.go:858: Failed to generate ECDSA key: open /dev/urandom: No such file or directory\r\n--- FAIL: TestCertificateRequestOverrides (0.00s)\r\n        x509_test.go:929: open /dev/urandom: No such file or directory\r\n--- FAIL: TestMaxPathLen (0.00s)\r\n        x509_test.go:1069: failed to create certificate: open /dev/urandom: No such file or directory\r\nFAIL\r\nFAIL    crypto/x509     1.981s\r\n?       crypto/x509/pkix        [no test files]\r\nok      database/sql    0.112s\r\nok      database/sql/driver     0.052s\r\nok      debug/dwarf     0.862s\r\nok      debug/elf       0.863s\r\n…\r\nok      net/mail        0.842s\r\nok      net/rpc 0.893s  \r\nok      net/rpc/jsonrpc 0.098s\r\n--- FAIL: TestTLSClient (0.77s)\r\n        smtp_test.go:567: failed to handle connection: remote error: internal error\r\n--- FAIL: TestTLSConnState (0.00s)\r\n        smtp_test.go:602: StartTLS: tls: short read from Rand: open /dev/urandom: No such file or directory\r\n        smtp_test.go:588: server error: remote error: internal error\r\nFAIL    \r\nFAIL    net/smtp        0.844s\r\nok      net/textproto   0.053s\r\nok      net/url 0.080s\r\nok      os      0.826s\r\nok      os/exec 0.875s\r\nok      os/signal       0.048s\r\nok      os/user 0.050s\r\nok      path    0.058s\r\nok      path/filepath   0.858s\r\nok      reflect 0.203s\r\nok      regexp  1.054s\r\n…\r\n```\r\n\r\n",
	"user": {
		"login": "bradfitz",
		"id": 2621,
		"type": "User",
		"site_admin": false
	},
	"created_at": "2015-03-25T00:40:38Z",
	"updated_at": "2015-03-25T00:40:38Z"
}
