{
	"id": 51278959,
	"number": 2262,
	"state": "closed",
	"title": "build: binary not trapping to softfloat with GOARM=5",
	"body": "by **nfa106**:\n\n\u003cpre\u003eBefore filing a bug, please check whether it has been fixed since\nthe latest release: run \u0026quot;hg pull\u0026quot;, \u0026quot;hg update default\u0026quot;, rebuild, and\nretry\nwhat you did to\nreproduce the problem.  Thanks.\n\nWhat steps will reproduce the problem?\nOn my machine:\n$ cd go/src\n$ hg pull\n$ hg update release\n$ ./all.bash   \u0026lt;-- error here after compilation/installation\n\nWhat is the expected output?\nProbably ALL TESTS SUCCESSFUL\n\nWhat do you see instead?\n--- cd pkg\ntest archive/tar\nTEST FAIL archive/tar\nmake[1]: Entering directory `/home/nfa/go/src/pkg/archive/tar'\ngotest -test.short -test.timeout=120\npanic: runtime error: SIGILL: illegal instruction\n\n[signal 0x4 code=0x1 addr=0x0 pc=0x37bb4]\n\n[0x70040ea0] runtime.panic+0xa0 /home/nfa/go/src/pkg/runtime/proc.c:1254\n\truntime.panic(0x140924, 0x500002d0)\n[0x70040ec0] runtime.panicstring+0x98 /home/nfa/go/src/pkg/runtime/runtime.c:125\n\truntime.panicstring(0x151e06, 0x0)\n[0x70040ecc] runtime.sigpanic+0x68 /home/nfa/go/src/pkg/runtime/linux/thread.c:319\n\truntime.sigpanic()\n[0x70040ed0] math.init·1+0x28 /home/nfa/go/src/pkg/math/pow10.go:24\n\tmath.init·1()\n[0x70040f04] math.init+0x5ac /home/nfa/go/src/pkg/math/sqrt_decl.go:7\n\tmath.init()\n[0x70040f38] strconv.init+0x80 /home/nfa/go/src/pkg/strconv/quote.go:310\n\tstrconv.init()\n[0x70040f5c] io/ioutil.init+0x70 /home/nfa/go/src/pkg/io/ioutil/tempfile.go:91\n\tio/ioutil.init()\n[0x70040f90] time.init+0x70 /home/nfa/go/src/pkg/time/zoneinfo_unix.go:213\n\ttime.init()\n[0x70040fc8] main.init+0x78 /home/nfa/go/src/cmd/gotest/gotest.go:418\n\tmain.init()\n[0x70040fd0] runtime.mainstart+0x8 /home/nfa/go/src/pkg/runtime/arm/asm.s:65\n\truntime.mainstart()\n[0x70040fd0] runtime.goexit /home/nfa/go/src/pkg/runtime/proc.c:246\n\truntime.goexit()\n----- goroutine created by -----\n_rt0_arm+0x7c /home/nfa/go/src/pkg/runtime/arm/asm.s:52\nmake[1]: *** [testshort] Error 2\nmake[1]: Leaving directory `/home/nfa/go/src/pkg/archive/tar'\nmake: *** [archive/tar.testshort] Error 1\n\nWhich compiler are you using (5g, 6g, 8g, gccgo)?\n5g\n\n\nWhich operating system are you using?\nnfa@b3:~/go/src$ uname -a\nLinux b3 2.6.35.4 #5 Tue Sep 7 16:06:15 CEST 2010 armv5tel GNU/Linux\n\nWhich revision are you using?  (hg identify)\nb0819469a6df (release-branch.r60) release/release.r60\n\n\nPlease provide any additional information below.\nI remember getting the same test fail back in march when I first compiled go to play\naround. Decided to update the hg branch and upgrade the version I had installed. This\nerror is displayed after compilation/installation is complete.\u003c/pre\u003e",
	"user": {
		"login": "gopherbot",
		"id": 8566911,
		"type": "User",
		"site_admin": false
	},
	"labels": [
		{
			"name": "FrozenDueToAge"
		}
	],
	"comments": 35,
	"closed_at": "2014-12-08T10:12:10Z",
	"created_at": "2011-09-15T10:51:50Z",
	"updated_at": "2016-06-24T19:34:48Z"
}
