{
	"id": 127368173,
	"body": "\u003e If there is other flakiness, we want to find out.\r\n\r\nAfter updating to the latest version and running the test cases 500 consecutive times, I am getting a consistent failure rate of about 3%.\r\n\r\n```\r\n$ go version\r\ngo version devel +5e15e28 Mon Aug 3 04:41:48 2015 +0000 linux/amd64\r\n```\r\n\r\nThe laptop specs are the same as mentioned in https://github.com/golang/go/issues/10512#issuecomment-123500603.\r\n\r\n```\r\n$ for i in {1..1000}; do echo \"test $i\" \u0026\u0026 go test; done \r\ntest 1\r\nPASS\r\nok  \truntime/trace\t2.940s\r\ntest 11\r\n--- FAIL: TestTraceFutileWakeup (0.37s)\r\n\ttrace_test.go:406: failed to parse trace: g 19 is not runnable before start (offset 545, time -250749)\r\nFAIL\r\nexit status 1\r\nFAIL\truntime/trace\t2.840s\r\ntest 59\r\n--- FAIL: TestTraceFutileWakeup (0.32s)\r\n\ttrace_test.go:406: failed to parse trace: g 19 is not runnable before start (offset 46518, time 243559)\r\nFAIL\r\nexit status 1\r\nFAIL\truntime/trace\t3.125s\r\ntest 76\r\n--- FAIL: TestTraceFutileWakeup (0.33s)\r\n\ttrace_test.go:406: failed to parse trace: g 19 is not runnable before start (offset 517, time 213271)\r\nFAIL\r\nexit status 1\r\nFAIL\truntime/trace\t3.040s\r\ntest 88\r\n--- FAIL: TestTraceFutileWakeup (0.20s)\r\n\ttrace_test.go:406: failed to parse trace: g 19 is not runnable before start (offset 21367, time 729251)\r\nFAIL\r\nexit status 1\r\nFAIL\truntime/trace\t2.659s\r\ntest 101\r\n--- FAIL: TestTraceFutileWakeup (0.28s)\r\n\ttrace_test.go:406: failed to parse trace: g 19 is not runnable before start (offset 44824, time -301874)\r\nFAIL\r\nexit status 1\r\nFAIL\truntime/trace\t2.929s\r\ntest 111\r\n--- FAIL: TestTraceFutileWakeup (0.23s)\r\n\ttrace_test.go:406: failed to parse trace: g 19 is not runnable before start (offset 554, time 213621)\r\nFAIL\r\nexit status 1\r\nFAIL\truntime/trace\t3.618s\r\ntest 165\r\n--- FAIL: TestTraceFutileWakeup (0.23s)\r\n\ttrace_test.go:406: failed to parse trace: g 19 is not runnable before start (offset 6696, time 726649)\r\nFAIL\r\nexit status 1\r\nFAIL\truntime/trace\t3.508s\r\ntest 209\r\n--- FAIL: TestTraceFutileWakeup (0.32s)\r\n\ttrace_test.go:406: failed to parse trace: g 19 is not runnable before start (offset 21670, time 776659)\r\nFAIL\r\nexit status 1\r\nFAIL\truntime/trace\t2.931s\r\ntest 256\r\n--- FAIL: TestTraceFutileWakeup (0.35s)\r\n\ttrace_test.go:406: failed to parse trace: g 33 is not runnable before start (offset 31488, time 722734)\r\nFAIL\r\nexit status 1\r\nFAIL\truntime/trace\t3.575s\r\ntest 286\r\n--- FAIL: TestTraceFutileWakeup (0.22s)\r\n\ttrace_test.go:406: failed to parse trace: g 19 is not runnable before start (offset 8374, time 703479)\r\nFAIL\r\nexit status 1\r\nFAIL\truntime/trace\t3.116s\r\ntest 374\r\n--- FAIL: TestTraceFutileWakeup (0.28s)\r\n\ttrace_test.go:406: failed to parse trace: g 19 is not runnable before start (offset 26718, time 814835)\r\nFAIL\r\nexit status 1\r\nFAIL\truntime/trace\t2.881s\r\ntest 388\r\n--- FAIL: TestTraceFutileWakeup (0.29s)\r\n\ttrace_test.go:406: failed to parse trace: g 19 is not runnable before start (offset 6781, time 424414)\r\nFAIL\r\nexit status 1\r\nFAIL\truntime/trace\t3.066s\r\ntest 402\r\n--- FAIL: TestTraceFutileWakeup (0.28s)\r\n\ttrace_test.go:406: failed to parse trace: g 19 is not runnable before start (offset 48391, time -260290)\r\nFAIL\r\nexit status 1\r\nFAIL\truntime/trace\t3.313s\r\ntest 413\r\n--- FAIL: TestTraceFutileWakeup (0.47s)\r\n\ttrace_test.go:406: failed to parse trace: g 19 is not runnable before start (offset 22107, time -358752)\r\nFAIL\r\nexit status 1\r\nFAIL\truntime/trace\t2.978s\r\ntest 460\r\n--- FAIL: TestTraceFutileWakeup (0.30s)\r\n\ttrace_test.go:406: failed to parse trace: g 19 is not runnable before start (offset 31998, time 700030)\r\nFAIL\r\nexit status 1\r\nFAIL\truntime/trace\t3.442s\r\ntest 473\r\n--- FAIL: TestTraceFutileWakeup (0.41s)\r\n\ttrace_test.go:406: failed to parse trace: g 19 is not runnable before start (offset 24233, time 688257)\r\nFAIL\r\nexit status 1\r\nFAIL\truntime/trace\t3.398s\r\ntest 500\r\n--- FAIL: TestTraceFutileWakeup (0.41s)\r\n\ttrace_test.go:406: failed to parse trace: g 33 is not runnable before start (offset 14657, time -293854)\r\nFAIL\r\nexit status 1\r\nFAIL\truntime/trace\t3.289s\r\ntest 501\r\nPASS\r\nok  \truntime/trace\t2.819s\r\n```",
	"user": {
		"login": "mewmew",
		"id": 1414531,
		"type": "User",
		"site_admin": false
	},
	"created_at": "2015-08-03T18:48:40Z",
	"updated_at": "2015-08-03T18:48:40Z"
}
