{
	"id": 182969913,
	"number": 17439,
	"state": "closed",
	"title": "misc/cgo/testcarchive: fails with \"Permission denied\"",
	"body": "Please answer these questions before submitting your issue. Thanks!\r\n\r\n### What version of Go are you using (`go version`)?\r\ngo version devel +abbd502 Thu Oct 13 21:55:38 2016 +0000 windows/amd64\r\n\r\n### What operating system and processor architecture are you using (`go env`)?\r\nset GOARCH=amd64\r\nset GOBIN=\r\nset GOEXE=.exe\r\nset GOHOSTARCH=amd64\r\nset GOHOSTOS=windows\r\nset GOOS=windows\r\nset GOPATH=c:\\dev\r\nset GORACE=\r\nset GOROOT=C:\\dev\\go\r\nset GOTOOLDIR=C:\\dev\\go\\pkg\\tool\\windows_amd64\r\nset CC=gcc\r\nset GOGCCFLAGS=-m64 -mthreads -fmessage-length=0 -fdebug-prefix-map=C:\\Users\\brainman\\AppData\\Local\\Temp\\go-build481916006=/tmp/go-build -gno-record-gcc-switches\r\nset CXX=g++\r\nset CGO_ENABLED=1\r\n\r\n### What did you do?\r\ngo tool dist test -no-rebuild -run=testcarchive\r\n\r\n### What did you expect to see?\r\nTest should PASS.\r\n\r\n### What did you see instead?\r\n```\r\n##### ../misc/cgo/testcarchive\r\n--- FAIL: TestInstall (2.44s)\r\n        carchive_test.go:136: [gcc -m64 -mthreads -fmessage-length=0 -fdebug-prefix-map=C:\\Users\\brainman\\AppData\\Local\\Temp\\go-build949359042=/tmp/go-build -gno-record-gcc-switches -I pkg\\windows_amd64 -o testp.exe main.c main_windows.c pkg\\windows_amd64\\libgo.a -lntdll -lws2_32 -lwinmm]\r\n        carchive_test.go:136: [gcc -m64 -mthreads -fmessage-length=0 -fdebug-prefix-map=C:\\Users\\brainman\\AppData\\Local\\Temp\\go-build949359042=/tmp/go-build -gno-record-gcc-switches -I pkg\\windows_amd64 -o testp.exe main.c main_windows.c libgo.a -lntdll -lws2_32 -lwinmm]\r\n        carchive_test.go:139: c:/dev/mingw64_4.9.1/bin/../lib/gcc/x86_64-w64-mingw32/4.9.1/../../../../x86_64-w64-mingw32/bin/ld.exe: cannot open output file testp.exe: Permission denied\r\n                collect2.exe: error: ld returned 1 exit status\r\n        carchive_test.go:140: exit status 1\r\nFAIL\r\n2016/10/14 16:51:37 Failed: exit status 1\r\n```\r\n(this only happens sometimes).\r\n\r\nI think it is variation of #11217.\r\n\r\nAlex",
	"user": {
		"login": "alexbrainman",
		"id": 9796621,
		"type": "User",
		"site_admin": false
	},
	"comments": 1,
	"closed_at": "2016-10-17T00:34:26Z",
	"created_at": "2016-10-14T05:58:08Z",
	"updated_at": "2016-10-17T00:34:26Z"
}
