{
	"id": 66723127,
	"number": 10359,
	"state": "closed",
	"title": "runtime: TestGdbPython fails with 'module' object has no attribute 'error' ",
	"body": "From https://groups.google.com/d/msg/golang-nuts/WFPWHpG1NOM/JWXHWwgb_WMJ\r\n\r\nThe build fails running the runtime tests, with:\r\n\r\n--- FAIL: TestGdbPython (0.73s) \r\n        runtime-gdb_test.go:99: info goroutines failed: Traceback (most recent call last): \r\n                  File \"/home/gb113119/Go/source/go/src/runtime/runtime-gdb.py\", line 395, in invoke \r\n                    except gdb.error: \r\n                AttributeError: 'module' object has no attribute 'error' \r\n                Error occurred in Python command: 'module' object has no attribute 'error' \r\nFAIL \r\nFAIL        runtime        16.320s \r\n\r\nThis is on RHEL 6.6, GCC version 4.4.7, GDB version 7.2, Python versoin 2.6.6.",
	"user": {
		"login": "ianlancetaylor",
		"id": 3194333,
		"type": "User",
		"site_admin": false
	},
	"labels": [
		{
			"name": "FrozenDueToAge"
		}
	],
	"comments": 1,
	"closed_at": "2015-07-01T16:42:06Z",
	"created_at": "2015-04-06T22:43:08Z",
	"updated_at": "2016-07-01T17:13:34Z",
	"milestone": {
		"id": 905105,
		"number": 1,
		"title": "Go1.5"
	}
}
