{
	"id": 94239291,
	"number": 11652,
	"state": "closed",
	"title": "cmd/go: running all.bash fails with GOROOT_FINAL set",
	"body": "Go version: devel +a625b91, OS: Debian Jessie/AMD64\r\n\r\nWhen running all.bash with GOROOT_FINAL set, all.bash fails as follows:\r\n\r\n```\r\nuser@debian:~/go-1.5/src$ GOROOT_FINAL=~/gorootFinal GOROOT_BOOTSTRAP=~/go1.4/ ./all.bash\r\n\r\n...\r\n\r\nok      cmd/cover       3.057s\r\nok      cmd/doc 0.043s\r\nok      cmd/fix 0.019s\r\n--- FAIL: TestNoteReading (0.02s)\r\n        note_test.go:27: go build cmd/go: exit status 2\r\n                go: cannot find GOROOT directory: /home/user/gorootFinal\r\n--- FAIL: TestBrokenTestsWithoutTestFunctionsAllFail (0.01s)\r\n        go_test.go:238: running testgo [test ./testdata/src/badtest/...]\r\n        go_test.go:257: standard error:\r\n        go_test.go:258: go: cannot find GOROOT directory: /home/user/gorootFinal\r\n\r\n        go_test.go:277: testgo failed as expected: exit status 2\r\n        go_test.go:365: test did not run everything\r\n        go_test.go:366: pattern FAIL.*badtest/badexec not found in standard output or standard error\r\n--- FAIL: TestGoInstallCleansUpAfterGoBuild (0.03s)\r\n        go_test.go:238: running testgo [build]\r\n        go_test.go:257: standard error:\r\n        go_test.go:258: go: cannot find GOROOT directory: /home/user/gorootFinal\r\n\r\n        go_test.go:267: go [build] failed unexpectedly: exit status 2\r\n\r\n(errors repeat)\r\n\r\n--- FAIL: TestBuildDashIInstallsDependencies (0.02s)\r\n        go_test.go:238: running testgo [build -v -i x/y/bar]\r\n        go_test.go:257: standard error:\r\n        go_test.go:258: go: cannot find GOROOT directory: /home/user/gorootFinal\r\n\r\n        go_test.go:267: go [build -v -i x/y/bar] failed unexpectedly: exit status 2\r\n--- FAIL: TestCgoHandlesWlORIGIN (0.03s)\r\n        go_test.go:238: running testgo [build origin]\r\n        go_test.go:257: standard error:\r\n        go_test.go:258: go: cannot find GOROOT directory: /home/user/gorootFinal\r\n\r\n        go_test.go:267: go [build origin] failed unexpectedly: exit status 2\r\nFAIL\r\nFAIL    cmd/go  10.920s\r\n```",
	"user": {
		"login": "xi2",
		"id": 11040056,
		"type": "User",
		"site_admin": false
	},
	"labels": [
		{
			"name": "FrozenDueToAge"
		}
	],
	"assignee": {
		"login": "ianlancetaylor",
		"id": 3194333,
		"type": "User",
		"site_admin": false
	},
	"comments": 2,
	"closed_at": "2015-07-10T21:29:45Z",
	"created_at": "2015-07-10T07:37:31Z",
	"updated_at": "2016-07-11T22:38:38Z",
	"milestone": {
		"id": 905105,
		"number": 1,
		"title": "Go1.5"
	}
}
