{
	"id": 130773420,
	"body": "No, that fails with yet another error:\r\n```\r\ngavriep-mac: race $ GOOS=linux GOARCH=amd64 go build -race -ldflags=-linkmode=external\r\n# github.com/gavrie/race\r\nwarning: unable to find runtime/cgo.a\r\n/usr/local/Cellar/go/1.5beta3/libexec/pkg/tool/darwin_amd64/link: running clang failed: exit status 1\r\nld: warning: ld: warning: ignoring file /var/folders/38/ky2kf2yx73qc52gryv3dzbx00000gq/T/go-link-783024164/000000.o, file was built for unsupported file format ( 0x7F 0x45 0x4C 0x46 0x02 0x01 0x01 0x00 0x00 0x00 0x00 0x00 0x00 0x00 0x00 0x00 ) which is not the architecture being linked (x86_64): /var/folders/38/ky2kf2yx73qc52gryv3dzbx00000gq/T/go-link-783024164/000000.oignoring file /var/folders/38/ky2kf2yx73qc52gryv3dzbx00000gq/T/go-link-783024164/go.o, file was built for unsupported file format ( 0x7F 0x45 0x4C 0x46 0x02 0x01 0x01 0x00 0x00 0x00 0x00 0x00 0x00 0x00 0x00 0x00 ) which is not the architecture being linked (x86_64): /var/folders/38/ky2kf2yx73qc52gryv3dzbx00000gq/T/go-link-783024164/go.o\r\n\r\nUndefined symbols for architecture x86_64:\r\n  \"_main\", referenced from:\r\n     implicit entry/start for main executable\r\nld: symbol(s) not found for architecture x86_64\r\nclang: error: linker command failed with exit code 1 (use -v to see invocation)\r\n\r\ngavriep-mac: race $ GOOS=linux GOARCH=amd64 go build -race -ldflags='-linkmode=external -v'\r\n# github.com/gavrie/race\r\nHEADER = -H5 -T0x400c00 -D0x0 -R0x1000\r\nsearching for runtime.a in $WORK/runtime.a\r\nsearching for runtime.a in /usr/local/Cellar/go/1.5beta3/libexec/pkg/linux_amd64_race/runtime.a\r\nsearching for runtime/race.a in $WORK/runtime/race.a\r\nsearching for runtime/race.a in /usr/local/Cellar/go/1.5beta3/libexec/pkg/linux_amd64_race/runtime/race.a\r\nsearching for runtime/cgo.a in $WORK/runtime/cgo.a\r\nsearching for runtime/cgo.a in /usr/local/Cellar/go/1.5beta3/libexec/pkg/linux_amd64_race/runtime/cgo.a\r\nwarning: unable to find runtime/cgo.a\r\n 0.00 deadcode\r\n 0.01 pclntab=169243 bytes, funcdata total 43116 bytes\r\n 0.01 dodata\r\n 0.02 reloc\r\n 0.02 asmb\r\n 0.02 codeblk\r\n 0.03 datblk\r\n 0.03 sym\r\n 0.03 symsize = 34392\r\n 0.03 symsize = 35136\r\n 0.03 dwarf\r\n 0.03 symsize = 35136\r\n 0.06 dwarf pass 2.\r\n 0.08 headr\r\nhost link: \"clang\" \"-m64\" \"-gdwarf-2\" \"-o\" \"/var/folders/38/ky2kf2yx73qc52gryv3dzbx00000gq/T/go-build413908530/github.com/gavrie/race/_obj/exe/a.out\" \"-rdynamic\" \"-Qunused-arguments\" \"/var/folders/38/ky2kf2yx73qc52gryv3dzbx00000gq/T/go-link-087480099/000000.o\" \"/var/folders/38/ky2kf2yx73qc52gryv3dzbx00000gq/T/go-link-087480099/go.o\"\r\n/usr/local/Cellar/go/1.5beta3/libexec/pkg/tool/darwin_amd64/link: running clang failed: exit status 1\r\nld: warning: ld: warning: ignoring file /var/folders/38/ky2kf2yx73qc52gryv3dzbx00000gq/T/go-link-087480099/000000.o, file was built for unsupported file format ( 0x7F 0x45 0x4C 0x46 0x02 0x01 0x01 0x00 0x00 0x00 0x00 0x00 0x00 0x00 0x00 0x00 ) which is not the architecture being linked (x86_64): /var/folders/38/ky2kf2yx73qc52gryv3dzbx00000gq/T/go-link-087480099/000000.oignoring file /var/folders/38/ky2kf2yx73qc52gryv3dzbx00000gq/T/go-link-087480099/go.o, file was built for unsupported file format ( 0x7F 0x45 0x4C 0x46 0x02 0x01 0x01 0x00 0x00 0x00 0x00 0x00 0x00 0x00 0x00 0x00 ) which is not the architecture being linked (x86_64): /var/folders/38/ky2kf2yx73qc52gryv3dzbx00000gq/T/go-link-087480099/go.o\r\n\r\nUndefined symbols for architecture x86_64:\r\n  \"_main\", referenced from:\r\n     implicit entry/start for main executable\r\nld: symbol(s) not found for architecture x86_64\r\nclang: error: linker command failed with exit code 1 (use -v to see invocation)\r\n```",
	"user": {
		"login": "gavrie",
		"id": 288652,
		"type": "User",
		"site_admin": false
	},
	"created_at": "2015-08-13T17:37:23Z",
	"updated_at": "2015-08-13T17:37:23Z"
}
