{
	"id": 51276095,
	"number": 138,
	"state": "closed",
	"title": "gopack error",
	"body": "by **Vadym86**:\n\n\u003cpre\u003eBefore filing a bug, please check whether it has been fixed since\nthe latest release: run \u0026quot;hg pull -u\u0026quot; and retry what you did to\nreproduce the problem.  Thanks.\n\nWhat steps will reproduce the problem?\n1. ./all.bash\n2.\n3.\n\nWhat is the expected output? \nWhat do you see instead?\ngopack grc _test/path.a _gotest_.6 \n--- FAIL: path.TestWalk\n\t1. error expected, none found\n\tnode testdata/d/x mark = 2; expected 1\n\tnode testdata/d/y mark = 2; expected 1\n\tnode testdata/d/z mark = 2; expected 1\n\tnode testdata/d/z/u mark = 2; expected 1\n\tnode testdata/d/z/v mark = 2; expected 1\nFAIL\nmake[1]: *** [test] Error 1\nmake: *** [path.test] Error 2\nsh-3.2# hg log -l 1\n\n\n\nWhat is your $GOOS?\ndarwin \n$GOARCH?\namd64\n\nWhich revision are you sync'ed to?  (hg log -l 1)\n4015:cb140bac9ab0\n\nPlease provide any additional information below.\u003c/pre\u003e",
	"user": {
		"login": "gopherbot",
		"id": 8566911,
		"type": "User",
		"site_admin": false
	},
	"labels": [
		{
			"name": "FrozenDueToAge"
		}
	],
	"comments": 2,
	"closed_at": "2014-12-08T10:03:24Z",
	"created_at": "2009-11-13T09:46:03Z",
	"updated_at": "2016-06-24T19:01:05Z"
}
