{
	"id": 51280335,
	"number": 3262,
	"state": "closed",
	"title": "cmd/go: go test + gccgo + package main",
	"body": "\u003cpre\u003eWhat steps will reproduce the problem?\n\nBear with me. I did the strange thing of compiling the 6g distribution's packages under\na new tree with gccgo and tried to run the tests. Script is at the bottom.\n\nWhat do you see instead?\n\nThis mostly works, except for the packages I deleted, and a few tests that don't compile.\n\nOne failure caught my eye though:\n\n# testmain\n../tmp/go-build133648070/std/exp/ebnflint/_test/_testmain.go:9:2: error: imported\npackage uses same package name and prefix as package being compiled (see -fgo-prefix\noption)\n# testmain\n../tmp/go-build133648070/std/exp/gotype/_test/_testmain.go:9:2: error: imported package\nuses same package name and prefix as package being compiled (see -fgo-prefix option)\n\nIs this right? Why does everything else work?\n\nWhich compiler are you using (5g, 6g, 8g, gccgo)?\n\ngccgo\n\nWhich operating system are you using?\n\nlinux\n\nWhich revision are you using?  (hg identify)\n\ngo version weekly.2012-03-04 +ee68d043e7f5\n\ngccgo:\n\ncommit 7714837c8d8c66a53d87e4de6818fe47e1bb51d3\nAuthor: gingold \u0026lt;gingold@138bc75d-0d04-0410-961f-82ee72b054a4\u0026gt;\nDate:   Fri Mar 9 11:49:50 2012 +0000\ngit-svn-id: svn+ssh://gcc.gnu.org/svn/gcc/trunk@185136\n138bc75d-0d04-0410-961f-82ee72b054a4\n\nPlease provide any additional information below.\n\n#!/bin/bash\nset -xe\nTMPDIR=$GOROOT/tmp\nGOPATH=$GOROOT/std\n#trap \u0026quot;rm -rf $TMPDIR $GOPATH; exit\u0026quot; INT TERM EXIT\nrm -rf $TMPDIR $GOPATH\nmkdir $TMPDIR\nmkdir -p $GOPATH/src\ncp -a $GOROOT/src/pkg $GOPATH/src/std\ncd $GOPATH\n\n# recursive types\nrm -rf src/std/builtin\n\n# asm code\nrm -rf src/std/bytes\nrm -rf src/std/sync/atomic\nrm -rf src/std/hash/crc32\nrm -rf src/std/math/big\nrm -rf src/std/math\nrm -rf src/std/os/signal\nrm -rf src/std/syscall\n\n# missing syscall bits\nrm -rf src/std/exp/inotify\n\n# MaxRune change\nrm -rf src/std/fmt\nrm -rf src/std/strconv\n\n# runtime.Compiler missing\nrm -rf src/std/go/build\n\n# cgo issue? exec: \u0026quot;\u0026quot;: executable file not found in $PATH\nrm -rf src/std/net\n\n#src/std/os/stat_linux.go:22:29: error: reference to undefined field or method ‘Mtim’\n#src/std/os/stat_linux.go:60:50: error: reference to undefined field or method ‘Atim’\nrm -rf src/std/os\n\n# C code causes confusion\nrm -rf src/std/runtime\n\n#src/std/reflect/type.go:947:66: error: incompatible types in binary expression\n#src/std/reflect/type.go:1009:69: error: incompatible types in binary expression\nrm -rf src/std/reflect\n\ngo test -compiler=gccgo -gccgoflags '--coverage' -v -work -short ./...\n\nrm -rf $GOPATH\ntrap - EXIT\u003c/pre\u003e",
	"user": {
		"login": "alberts",
		"id": 409689,
		"type": "User",
		"site_admin": false
	},
	"labels": [
		{
			"name": "FrozenDueToAge"
		}
	],
	"comments": 3,
	"closed_at": "2014-12-08T10:16:58Z",
	"created_at": "2012-03-09T14:02:39Z",
	"updated_at": "2016-06-24T21:30:27Z",
	"milestone": {
		"id": 1061233,
		"number": 7,
		"title": "Go1"
	}
}
