{
	"id": 51278735,
	"number": 2103,
	"state": "closed",
	"title": "Building ARM port on Linux successful, but \"TEST FAIL archive/tar\"",
	"body": "by **elimisteve**:\n\n\u003cpre\u003eIn short, I'm cross-compiling Go programs from my Linux desktop to run on my Android\nphone.\n\nWhat steps will reproduce the problem?\n\ncd /tmp\nhg clone -u release \u003ca href=\"https://go.googlecode.com/hg/\"\u003ehttps://go.googlecode.com/hg/\u003c/a\u003e go\nexport GOOS=linux\nexport GOARCH=arm\nexport GOROOT=/tmp/go/\ncd go/src\n./all.bash\n\nWhat is the expected output?\n\nALL TESTS PASSED\n\nWhat do you see instead?\n\n...\ninstall rpc/jsonrpc\nmake: Leaving directory `/tmp/go/src/pkg'\n\n---\nInstalled Go for linux/arm in /tmp/go/.\nInstalled commands in /tmp/go//bin.\n*** You need to add /tmp/go//bin to your $PATH. ***\nThe compiler is 5g.\n\n--- cd pkg\ntest archive/tar\nTEST FAIL archive/tar\nmake[1]: Entering directory `/tmp/go/src/pkg/archive/tar'\ngotest -test.short -test.timeout=120\n/tmp/go//bin/gotest: 1: Syntax error: word unexpected (expecting \u0026quot;)\u0026quot;)\nmake[1]: *** [testshort] Error 2\nmake[1]: Leaving directory `/tmp/go/src/pkg/archive/tar'\nmake: *** [archive/tar.testshort] Error 1\n\nWhich operating system are you using?\n\nDesktop: 64-bit AMD Phenom II running Aptosid (Debian-based Linux distro)\nPhone: Samsung Captivate (Galaxy S) running Android 2.1\n\nWhich revision are you using?  (hg identify)\n\nd292bc788668 (release-branch.r58) release/release.r58.1\n\nPlease provide any additional information below.\n\nOn my desktop I downloaded and compiled Go to run Android on my phone, using Andrew's\nhelpful instructions @ \u003ca href=\"http://nf.id.au/go-under-android\"\u003ehttp://nf.id.au/go-under-android\u003c/a\u003e.\n\nNote that 5g, 5l, etc were _successfully_ built, and I executed `hellogo` --\n\u0026quot;hello, world\u0026quot; compiled for ARM -- on my phone _no problem_. \n\u003ca href=\"http://golang.org/doc/install.html\"\u003ehttp://golang.org/doc/install.html\u003c/a\u003e says that all tests should pass, even on the ARM\nbuild, but clearly the archive/tar test(s) failed.\u003c/pre\u003e",
	"user": {
		"login": "gopherbot",
		"id": 8566911,
		"type": "User",
		"site_admin": false
	},
	"labels": [
		{
			"name": "FrozenDueToAge"
		}
	],
	"comments": 2,
	"closed_at": "2014-12-08T10:11:21Z",
	"created_at": "2011-07-25T15:45:03Z",
	"updated_at": "2016-06-24T19:32:43Z"
}
