{
	"id": 233943970,
	"body": "@bradfitz, on MIPS64\r\n```\r\n$ go test -v golang.org/x/tools/imports \r\n=== RUN   TestFastWalk_Basic\r\n--- PASS: TestFastWalk_Basic (0.01s)\r\n=== RUN   TestFastWalk_Symlink\r\n--- PASS: TestFastWalk_Symlink (0.01s)\r\n=== RUN   TestFastWalk_SkipDir\r\n--- PASS: TestFastWalk_SkipDir (0.01s)\r\n=== RUN   TestFastWalk_TraverseSymlink\r\n--- PASS: TestFastWalk_TraverseSymlink (0.01s)\r\n=== RUN   TestFixImports\r\n--- PASS: TestFixImports (0.06s)\r\n=== RUN   TestImportSymlinks\r\n--- PASS: TestImportSymlinks (0.04s)\r\n=== RUN   TestFixImportsVendorPackage\r\n--- PASS: TestFixImportsVendorPackage (0.01s)\r\n=== RUN   TestFindImportGoPath\r\n--- PASS: TestFindImportGoPath (0.01s)\r\n=== RUN   TestFindImportInternal\r\n--- FAIL: TestFindImportInternal (0.03s)\r\n\tfix_test.go:1034: findImportGoPath(\"race\", Acquire ...) = \"\", false; want \"internal/race\", false\r\n=== RUN   TestFindImportRandRead\r\n--- PASS: TestFindImportRandRead (0.00s)\r\n=== RUN   TestFindImportVendor\r\n--- PASS: TestFindImportVendor (0.01s)\r\n=== RUN   TestProcessVendor\r\n--- FAIL: TestProcessVendor (0.03s)\r\n\tfix_test.go:1127: Process(\"/home/a/src/git/go-official/src/math/x.go\") did not add expected hpack import \"golang_org/x/net/http2/hpack\"; got:\r\n\t\tpackage http\r\n\t\t\r\n\t\timport \"strings\"\r\n\t\t\r\n\t\tfunc f() { strings.NewReader(); hpack.HuffmanDecode() }\r\n=== RUN   TestFindImportStdlib\r\n--- PASS: TestFindImportStdlib (0.00s)\r\n=== RUN   TestRenameWhenPackageNameMismatch\r\n--- PASS: TestRenameWhenPackageNameMismatch (0.03s)\r\n=== RUN   TestOptimizationWhenInGoroot\r\n--- PASS: TestOptimizationWhenInGoroot (0.03s)\r\n=== RUN   TestIgnoreDocumentationPackage\r\n--- PASS: TestIgnoreDocumentationPackage (0.03s)\r\n=== RUN   TestImportPathToNameGoPathParse\r\n--- PASS: TestImportPathToNameGoPathParse (0.03s)\r\n=== RUN   TestIgnoreConfiguration\r\n--- PASS: TestIgnoreConfiguration (0.03s)\r\n=== RUN   TestSkipNodeModules\r\n--- PASS: TestSkipNodeModules (0.03s)\r\n=== RUN   TestPkgIsCandidate\r\n--- PASS: TestPkgIsCandidate (0.00s)\r\nFAIL\r\nexit status 1\r\nFAIL\tgolang.org/x/tools/imports\t0.499s\r\n\r\n$ go version\r\ngo version devel +1d2ca9e Mon Jul 18 21:07:34 2016 +0000 linux/mips64le\r\n```\r\nIs the failure related? Should I go look into it?\r\n",
	"user": {
		"login": "cherrymui",
		"id": 14119929,
		"type": "User",
		"site_admin": false
	},
	"created_at": "2016-07-20T13:10:32Z",
	"updated_at": "2016-07-20T13:10:32Z"
}
