{
	"id": 66061190,
	"body": "\u003ca id=\"c7\"\u003e\u003c/a\u003eComment 7 by **reddooots**:\n\n\u003cpre\u003eWell I decided to see if any other tests failed and commented out TestStreamingGet in\nclient_test.go.  Is there a better way to skip tests?\n\nTestServerExpect times out\nTestRoundTripGzip fails with \"panic: runtime error: invalid memory address or nil\npointer dereference [recovered]\"\n\nand here is the output from go test after commenting out the above tests.\nFAIL\tnet/http\t3.115s\n=== RUN TestChunk\n--- PASS: TestChunk (0.00 seconds)\n=== RUN TestWriteSetCookies\n--- PASS: TestWriteSetCookies (0.00 seconds)\n=== RUN TestSetCookie\n--- PASS: TestSetCookie (0.00 seconds)\n=== RUN TestAddCookie\n--- PASS: TestAddCookie (0.00 seconds)\n=== RUN TestReadSetCookies\n--- PASS: TestReadSetCookies (0.00 seconds)\n=== RUN TestReadCookies\n--- PASS: TestReadCookies (0.00 seconds)\n=== RUN TestHeaderWrite\n--- PASS: TestHeaderWrite (0.00 seconds)\n=== RUN TestSplitFieldValue\n--- PASS: TestSplitFieldValue (0.00 seconds)\n=== RUN TestUseProxy\n--- PASS: TestUseProxy (0.00 seconds)\n=== RUN TestParseRange\n--- PASS: TestParseRange (0.00 seconds)\n=== RUN TestReadRequest\n--- PASS: TestReadRequest (0.00 seconds)\n=== RUN TestRequestWrite\n--- PASS: TestRequestWrite (0.01 seconds)\n=== RUN TestRequestWriteClosesBody\n--- PASS: TestRequestWriteClosesBody (0.00 seconds)\n=== RUN TestReadResponse\n--- PASS: TestReadResponse (0.00 seconds)\n=== RUN TestReadResponseCloseInMiddle\n--- PASS: TestReadResponseCloseInMiddle (0.14 seconds)\n=== RUN TestLocationResponse\n--- PASS: TestLocationResponse (0.00 seconds)\n=== RUN TestResponseWrite\n--- PASS: TestResponseWrite (0.00 seconds)\n=== RUN TestClient\n--- PASS: TestClient (0.02 seconds)\n=== RUN TestClientHead\n--- PASS: TestClientHead (0.00 seconds)\n=== RUN TestGetRequestFormat\n--- PASS: TestGetRequestFormat (0.00 seconds)\n=== RUN TestPostRequestFormat\n--- PASS: TestPostRequestFormat (0.00 seconds)\n=== RUN TestPostFormRequestFormat\n--- PASS: TestPostFormRequestFormat (0.00 seconds)\n=== RUN TestRedirects\n--- PASS: TestRedirects (0.18 seconds)\n=== RUN TestRedirectCookiesOnRequest\n--- PASS: TestRedirectCookiesOnRequest (0.00 seconds)\n=== RUN TestRedirectCookiesJar\n--- PASS: TestRedirectCookiesJar (0.09 seconds)\n\tclient_test.go:308: Received cookies: [ChocolateChip=tasty First=Hit Second=Hit]\n=== RUN TestClientWrites\n--- PASS: TestClientWrites (0.00 seconds)\n=== RUN TestClientInsecureTransport\n--- PASS: TestClientInsecureTransport (0.08 seconds)\n=== RUN TestClientErrorWithRequestURI\n--- PASS: TestClientErrorWithRequestURI (0.00 seconds)\n=== RUN TestFileTransport\n--- PASS: TestFileTransport (0.03 seconds)\n=== RUN TestServeFile\n--- PASS: TestServeFile (0.01 seconds)\n=== RUN TestFSRedirect\n--- PASS: TestFSRedirect (0.08 seconds)\n=== RUN TestFileServerCleans\n--- PASS: TestFileServerCleans (0.00 seconds)\n=== RUN TestFileServerImplicitLeadingSlash\n--- PASS: TestFileServerImplicitLeadingSlash (0.08 seconds)\n=== RUN TestDirJoin\n--- PASS: TestDirJoin (0.00 seconds)\n\tfs_test.go:180: skipping test; no /etc/hosts file\n=== RUN TestEmptyDirOpenCWD\n--- PASS: TestEmptyDirOpenCWD (0.00 seconds)\n=== RUN TestServeFileContentType\n--- PASS: TestServeFileContentType (0.01 seconds)\n=== RUN TestServeFileMimeType\n--- PASS: TestServeFileMimeType (0.00 seconds)\n=== RUN TestServeFileFromCWD\n--- PASS: TestServeFileFromCWD (0.00 seconds)\n=== RUN TestServeFileWithContentEncoding\n--- FAIL: TestServeFileWithContentEncoding (0.01 seconds)\n\tfs_test.go:287: Content-Length mismatch: got 11, want -1\n=== RUN TestServeIndexHtml\n--- PASS: TestServeIndexHtml (0.08 seconds)\n=== RUN TestQuery\n--- PASS: TestQuery (0.00 seconds)\n=== RUN TestPostQuery\n--- PASS: TestPostQuery (0.00 seconds)\n=== RUN TestParseFormUnknownContentType\n--- PASS: TestParseFormUnknownContentType (0.00 seconds)\n=== RUN TestMultipartReader\n--- PASS: TestMultipartReader (0.00 seconds)\n=== RUN TestRedirect\n--- PASS: TestRedirect (0.00 seconds)\n=== RUN TestSetBasicAuth\n--- PASS: TestSetBasicAuth (0.00 seconds)\n=== RUN TestMultipartRequest\n--- PASS: TestMultipartRequest (0.00 seconds)\n=== RUN TestMultipartRequestAuto\n--- PASS: TestMultipartRequestAuto (0.00 seconds)\n=== RUN TestEmptyMultipartRequest\n--- PASS: TestEmptyMultipartRequest (0.00 seconds)\n=== RUN TestRequestMultipartCallOrder\n--- PASS: TestRequestMultipartCallOrder (0.00 seconds)\n=== RUN TestConsumingBodyOnNextConn\n--- PASS: TestConsumingBodyOnNextConn (0.00 seconds)\n=== RUN TestHostHandlers\n--- PASS: TestHostHandlers (0.01 seconds)\n=== RUN TestMuxRedirectLeadingSlashes\n--- PASS: TestMuxRedirectLeadingSlashes (0.00 seconds)\n=== RUN TestServerTimeouts\n--- PASS: TestServerTimeouts (0.26 seconds)\n=== RUN TestIdentityResponse\n--- PASS: TestIdentityResponse (0.01 seconds)\n=== RUN TestServeHTTP10Close\n--- PASS: TestServeHTTP10Close (0.00 seconds)\n=== RUN TestHandlersCanSetConnectionClose11\n--- PASS: TestHandlersCanSetConnectionClose11 (0.00 seconds)\n=== RUN TestHandlersCanSetConnectionClose10\n--- PASS: TestHandlersCanSetConnectionClose10 (0.00 seconds)\n=== RUN TestSetsRemoteAddr\n--- PASS: TestSetsRemoteAddr (0.00 seconds)\n=== RUN TestChunkedResponseHeaders\n--- FAIL: TestChunkedResponseHeaders (0.00 seconds)\n\tserve_test.go:468: expected ContentLength of -1; got 24\n\tserve_test.go:471: expected TransferEncoding of [chunked]; got []\n\tserve_test.go:474: Unexpected Content-Length\n=== RUN Test304Responses\n--- PASS: Test304Responses (0.00 seconds)\n=== RUN TestHeadResponses\n--- PASS: TestHeadResponses (0.00 seconds)\n=== RUN TestTLSHandshakeTimeout\n--- PASS: TestTLSHandshakeTimeout (0.30 seconds)\n=== RUN TestTLSServer\n--- PASS: TestTLSServer (0.08 seconds)\n=== RUN TestServerUnreadRequestBodyLittle\n--- PASS: TestServerUnreadRequestBodyLittle (0.00 seconds)\n=== RUN TestServerUnreadRequestBodyLarge\n--- PASS: TestServerUnreadRequestBodyLarge (0.00 seconds)\n=== RUN TestTimeoutHandler\n--- PASS: TestTimeoutHandler (0.08 seconds)\n=== RUN TestRedirectMunging\n--- PASS: TestRedirectMunging (0.00 seconds)\n=== RUN TestZeroLengthPostAndResponse\n--- PASS: TestZeroLengthPostAndResponse (0.01 seconds)\n=== RUN TestHandlerPanic\n--- PASS: TestHandlerPanic (0.01 seconds)\n=== RUN TestHandlerPanicWithHijack\n--- PASS: TestHandlerPanicWithHijack (0.01 seconds)\n=== RUN TestNoDate\n--- PASS: TestNoDate (0.00 seconds)\n=== RUN TestStripPrefix\n--- PASS: TestStripPrefix (0.00 seconds)\n=== RUN TestRequestLimit\n--- FAIL: TestRequestLimit (0.47 seconds)\n\tserve_test.go:991: Do: Get \u003ca href=\"http://127.0.0.1:61369\"\u003ehttp://127.0.0.1:61369\u003c/a\u003e: WSARecv tcp 127.0.0.1:61370: An existing connection was forcibly closed by the remote host.\n=== RUN TestRequestBodyLimit\n--- PASS: TestRequestBodyLimit (0.06 seconds)\n=== RUN TestClientWriteShutdown\n--- PASS: TestClientWriteShutdown (0.00 seconds)\n=== RUN TestServerBufferedChunking\n--- PASS: TestServerBufferedChunking (0.00 seconds)\n\tserve_test.go:1088: Skipping known broken test; see \u003ca href=\"https://golang.org/issue/2357\"\u003eissue #2357\u003c/a\u003e\n=== RUN TestAcceptMaxFds\n--- PASS: TestAcceptMaxFds (0.00 seconds)\n=== RUN TestDetectContentType\n--- PASS: TestDetectContentType (0.00 seconds)\n=== RUN TestServerContentType\n--- PASS: TestServerContentType (0.09 seconds)\n=== RUN TestContentTypeWithCopy\n--- PASS: TestContentTypeWithCopy (0.08 seconds)\n=== RUN TestSniffWriteSize\n--- PASS: TestSniffWriteSize (0.08 seconds)\n=== RUN TestTransportKeepAlives\n--- PASS: TestTransportKeepAlives (0.01 seconds)\n=== RUN TestTransportConnectionCloseOnResponse\n--- PASS: TestTransportConnectionCloseOnResponse (0.01 seconds)\n=== RUN TestTransportConnectionCloseOnRequest\n--- PASS: TestTransportConnectionCloseOnRequest (0.00 seconds)\n=== RUN TestTransportIdleCacheKeys\n--- PASS: TestTransportIdleCacheKeys (0.00 seconds)\n=== RUN TestTransportMaxPerHostIdleConns\n--- PASS: TestTransportMaxPerHostIdleConns (0.00 seconds)\n=== RUN TestTransportServerClosingUnexpectedly\n--- PASS: TestTransportServerClosingUnexpectedly (0.03 seconds)\n=== RUN TestStressSurpriseServerCloses\n--- PASS: TestStressSurpriseServerCloses (0.00 seconds)\n\ttransport_test.go:311: skipping test in short mode\n=== RUN TestTransportHeadResponses\n--- PASS: TestTransportHeadResponses (0.00 seconds)\n=== RUN TestTransportHeadChunkedResponse\n--- PASS: TestTransportHeadChunkedResponse (0.01 seconds)\n=== RUN TestTransportGzip\n--- PASS: TestTransportGzip (0.40 seconds)\n=== RUN TestTransportProxy\n--- PASS: TestTransportProxy (0.00 seconds)\n=== RUN TestTransportGzipRecursive\n--- PASS: TestTransportGzipRecursive (0.08 seconds)\n=== RUN TestTransportAltProto\n--- PASS: TestTransportAltProto (0.00 seconds)\nFAIL\n\nI tried to figure out why TestStreamingGet was getting stuck but just got confused on\nhow it could be timing out but TestRedirects is passing.\u003c/pre\u003e",
	"user": {
		"login": "gopherbot",
		"id": 8566911,
		"type": "User",
		"site_admin": false
	},
	"created_at": "2012-02-05T07:44:37Z",
	"updated_at": "2014-12-08T10:14:07Z"
}
