{
	"id": 183743863,
	"number": 17504,
	"state": "closed",
	"title": "path/filepath: TestToNorm fails on Windows",
	"body": "Please answer these questions before submitting your issue. Thanks!\r\n\r\n### What version of Go are you using (`go version`)?\r\n```\r\ngo version go1.7.2 windows/amd64\r\n```\r\n\r\n### What operating system and processor architecture are you using (`go env`)?\r\n```\r\nset GOARCH=amd64\r\nset GOBIN=\r\nset GOEXE=.exe\r\nset GOHOSTARCH=amd64\r\nset GOHOSTOS=windows\r\nset GOOS=windows\r\nset GOPATH=D:\\src\\golang\r\nset GORACE=\r\nset GOROOT=D:\\develop\\go\r\nset GOTOOLDIR=D:\\develop\\go\\pkg\\tool\\windows_amd64\r\nset CC=gcc\r\nset GOGCCFLAGS=-m64 -mthreads -fmessage-length=0 -fdebug-prefix-map=C:\\Users\\ts\\AppData\\Local\\Temp\\go-build219919142=/tmp/go-build -gno-record-gcc-switches\r\nset CXX=g++\r\nset CGO_ENABLED=1\r\n```\r\n\r\n### What did you do?\r\nRUN `src\\all.bat`\r\n\r\n\r\n### What did you see instead?\r\n```\r\nok      path    0.037s\r\n--- FAIL: TestToNorm (0.00s)\r\n        path_windows_test.go:429: toNorm(\\Users\\ts\\AppData\\Local\\Temp\\testToNorm651380327\\test\\foo\\bar) failed: The system cannot find the path specified. (wd=.)\r\n        path_windows_test.go:429: toNorm(\\Users\\ts\\AppData\\Local\\Temp\\testToNorm651380327\\.\\test\\foo\\bar) failed: The system cannot find the path specified. (wd=.)\r\n        path_windows_test.go:429: toNorm(\\Users\\ts\\AppData\\Local\\Temp\\testToNorm651380327\\test\\..\\test\\foo\\bar) failed: The system cannot find the path specified. (wd=.)\r\n        path_windows_test.go:429: toNorm(\\Users\\ts\\AppData\\Local\\Temp\\testToNorm651380327\\TEST\\FOO\\BAR) failed: The system cannot find the path specified. (wd=.)\r\nFAIL\r\nFAIL    path/filepath   1.128s\r\nok      reflect 0.132s\r\nok      regexp  0.203s\r\nok      regexp/syntax   0.360s\r\n--- FAIL: TestGdbBacktrace (0.50s)\r\n        runtime-gdb_test.go:50: gdb version 7.10\r\n        runtime-gdb_test.go:261: could not find '#0.*main\\.eee' in backtrace\r\n        runtime-gdb_test.go:262: gdb output:\r\n                Excess command line arguments ignored. (main.eee ...)\r\n                startup-with-shell: No such file or directory.\r\n                D:\\develop\\go\\src\\runtime/off: No such file or directory.\r\n                Argument required (expression to compute).\r\n                No default breakpoint address now.\r\n                No executable specified, use `target exec'.\r\n                No stack.\r\n                The program is not being run.\r\nFAIL\r\nFAIL    runtime 41.795s\r\n```\r\n\r\n\r\n",
	"user": {
		"login": "tossp",
		"id": 2138631,
		"type": "User",
		"site_admin": false
	},
	"labels": [
		{
			"name": "NeedsInvestigation"
		},
		{
			"name": "OS-Windows"
		}
	],
	"comments": 8,
	"closed_at": "2016-10-23T06:45:49Z",
	"created_at": "2016-10-18T16:54:05Z",
	"updated_at": "2016-10-23T06:45:49Z",
	"milestone": {
		"id": 1709363,
		"number": 38,
		"title": "Go1.8"
	}
}
