{
	"id": 51278931,
	"number": 2240,
	"state": "closed",
	"title": "archive/tar: TEST FAIL on openbsd",
	"body": "\u003cpre\u003eUnderstand openbsd is not fully supported yet, but following is an error in test stage.\n\nWhat do you see instead?\n\u0026lt;snipped\u0026gt;\n--- cd pkg\ntest archive/tar\nTEST FAIL archive/tar\ngmake[1]: Entering directory `/home/tjyang/gotip/src/pkg/archive/tar'\ngotest -test.short -test.timeout=120\ngmake[1]: *** [testshort] Segmentation fault\ngmake[1]: Leaving directory `/home/tjyang/gotip/src/pkg/archive/tar'\ngmake: *** [archive/tar.testshort] Error 1\n$\u003c/pre\u003e",
	"user": {
		"login": "tjyang",
		"id": 378638,
		"type": "User",
		"site_admin": false
	},
	"labels": [
		{
			"name": "FrozenDueToAge"
		}
	],
	"comments": 13,
	"closed_at": "2014-12-08T10:12:03Z",
	"created_at": "2011-09-08T00:53:28Z",
	"updated_at": "2016-07-01T17:15:48Z"
}
