{
	"id": 51278101,
	"number": 1641,
	"state": "closed",
	"title": "runtime/pprof: Error on package test ",
	"body": "by **mikio.hr**:\n\n\u003cpre\u003eBefore filing a bug, please check whether it has been fixed since\nthe latest release: run \u0026quot;hg pull -u\u0026quot; and retry what you did to\nreproduce the problem.  Thanks.\n\nWhat steps will reproduce the problem?\n1. cd go/src\n2. ./all.bash\n3.\n\nWhat is the expected output?\nno FAIL\n\nWhat do you see instead?\ngopack grc _test/runtime/pprof.a _gotest_.6 \n--- FAIL: pprof_test.TestCPUProfile (0.3 seconds)\n\tprofile too short: [0x0 0x3 0x0 0x2710 0x0]\nFAIL\nmake[1]: *** [test] Error 1\nmake: *** [runtime/pprof.test] Error 2\n\nWhich compiler are you using (5g, 6g, 8g, gccgo)?\n6g version 7860\n\nWhich operating system are you using?\ndarwin/amd64\nDarwin Kernel Version 10.7.0: Sat Jan 29 15:16:10 PST 2011;\nroot:xnu-1504.9.37~1/RELEASE_X86_64 x86_64\n\nWhich revision are you using?  (hg identify)\nfad73d342108 tip\n\nPlease provide any additional information below.\u003c/pre\u003e",
	"user": {
		"login": "gopherbot",
		"id": 8566911,
		"type": "User",
		"site_admin": false
	},
	"labels": [
		{
			"name": "FrozenDueToAge"
		}
	],
	"assignee": {
		"login": "rsc",
		"id": 104030,
		"type": "User",
		"site_admin": false
	},
	"comments": 2,
	"closed_at": "2014-12-08T10:09:12Z",
	"created_at": "2011-03-25T01:00:45Z",
	"updated_at": "2016-06-24T19:26:54Z"
}
