{
	"id": 161282965,
	"number": 16129,
	"state": "closed",
	"title": "cmd/go: 1.7Beta2 TestGoTestRaceInstallCgo fails on Darwin",
	"body": "I'm getting a similar error to #13214 but that issue has been marked fixed.\r\n\r\nTrying to run all.bash on either tip or 1.7beta2. This continues to happen even after deleting $GOROOT/pkg\r\n\r\n````\r\n--- FAIL: TestGoTestRaceInstallCgo (2.37s)\r\n\tgo_test.go:244: running testgo [tool -n cgo]\r\n\tgo_test.go:259: standard output:\r\n\tgo_test.go:260: /Users/brendan/gover/go/pkg/tool/darwin_amd64/cgo\r\n\t\t\r\n\tgo_test.go:244: running testgo [test -race -i runtime/race]\r\n\tgo_test.go:263: standard error:\r\n\tgo_test.go:264: # runtime/race\r\n\t\tLLVM ERROR: Requested symbol index is out of range.\r\n\t\tcollect2: fatal error: dsymutil returned 1 exit status\r\n\t\tcompilation terminated.\r\n\t\t\r\n\tgo_test.go:273: go [test -race -i runtime/race] failed unexpectedly: exit status 2\r\n--- FAIL: TestCgoConsistentResults (0.59s)\r\n\tgo_test.go:244: running testgo [build -o /var/folders/l6/mhj4qjrj4437b_lgfz9pm1rw0000gn/T/gotest539820656/cgotest1 cgotest]\r\n\tgo_test.go:263: standard error:\r\n\tgo_test.go:264: # cgotest\r\n\t\tLLVM ERROR: Requested symbol index is out of range.\r\n\t\tcollect2: fatal error: dsymutil returned 1 exit status\r\n\t\tcompilation terminated.\r\n\t\t\r\n\tgo_test.go:273: go [build -o /var/folders/l6/mhj4qjrj4437b_lgfz9pm1rw0000gn/T/gotest539820656/cgotest1 cgotest] failed unexpectedly: exit status 2\r\nFAIL\r\nFAIL\tcmd/go\t36.867s\r\n````",
	"user": {
		"login": "btracey",
		"id": 3680859,
		"type": "User",
		"site_admin": false
	},
	"labels": [
		{
			"name": "OS-Darwin"
		}
	],
	"comments": 10,
	"closed_at": "2016-06-24T18:27:10Z",
	"created_at": "2016-06-20T20:11:58Z",
	"updated_at": "2016-06-24T18:30:45Z",
	"milestone": {
		"id": 1714149,
		"number": 40,
		"title": "Go1.7Maybe"
	}
}
