{
	"id": 51278319,
	"number": 1802,
	"state": "closed",
	"title": "more blank identifier compile errors (6g gotest)",
	"body": "\u003cpre\u003e$ tar zxvf underscore-test-bug.tar.gz\n$ cd underscore-test-bug\n$ cat bugdemo.go \npackage bugdemo\n\nimport \u0026quot;os\u0026quot;\n\nfunc foo() (n int64, _ os.Error) {\n\treturn 42, nil\n}\n\n\n6g compiles, but the gotest fails to go:\n\n$ GOARCH=amd64 make\n6g  -o _go_.6 bugdemo.go\nrm -f _obj/golang.org/bugdemo.a\ngopack grc _obj/golang.org/bugdemo.a _go_.6 \n\n$ GOARCH=amd64 gotest\nrm -f _test/golang.org/bugdemo.a\n6g  -o _gotest_.6 bugdemo.go bugdemo_test.go\nrm -f _test/golang.org/bugdemo.a\ngopack grc _test/golang.org/bugdemo.a _gotest_.6 \n_testmain.go:3: syntax error: unexpected ., expecting name or ?\ngotest: \u0026quot;/home/bradfitz/go/bin/6g -I _test _testmain.go\u0026quot; failed: exit status 1\n\n\n\n8g, on the other hand, hits the old \u0026quot;error in shape across RETURN\u0026quot; bug:\n\n$ GOARCH=386 make\n8g  -o _go_.8 bugdemo.go\nbugdemo.go:6: error in shape across RETURN\nmake: *** [_go_.8] Error 1\u003c/pre\u003e\n\n\n\n\n\nAttachments:\n\n1. \u003ca href=\"https://storage.googleapis.com/go-attachment/1802/0/underscore-test-bug.tar.gz\"\u003eunderscore-test-bug.tar.gz\u003c/a\u003e (467 bytes)",
	"user": {
		"login": "bradfitz",
		"id": 2621,
		"type": "User",
		"site_admin": false
	},
	"labels": [
		{
			"name": "FrozenDueToAge"
		}
	],
	"comments": 6,
	"closed_at": "2014-12-08T10:09:58Z",
	"created_at": "2011-05-11T19:42:23Z",
	"updated_at": "2016-06-24T19:28:53Z"
}
