{
	"id": 97902475,
	"number": 11920,
	"state": "closed",
	"title": "x/tools/go/loader: broken tests",
	"body": "@griesemer, one for you. (or @alandonovan can steal) Part of #11811 (subrepos needing to be green), the x/tools/go/loader tests are failing at tip, on multiple GOOS/GOARCH. This is darwin-amd64:\r\n\r\n```\r\ncannot find package \"nosuchpkg\" in any of:\r\n\t/var/folders/8z/xcmymdqs1g35gw7z_k5fq4pr0000gp/T/workdir/go/src/nosuchpkg (from $GOROOT)\r\n\t/var/folders/8z/xcmymdqs1g35gw7z_k5fq4pr0000gp/T/workdir/gopath/src/nosuchpkg (from $GOPATH)\r\ncannot find package \"nosuchpkg\" in any of:\r\n\t/var/folders/8z/xcmymdqs1g35gw7z_k5fq4pr0000gp/T/workdir/go/src/nosuchpkg (from $GOROOT)\r\n\t/var/folders/8z/xcmymdqs1g35gw7z_k5fq4pr0000gp/T/workdir/gopath/src/nosuchpkg (from $GOPATH)\r\nopen missing.go: no such file or directory\r\nopen missing.go: no such file or directory\r\ntestdata/badpkgdecl.go:1:34: expected 'package', found 'EOF'\r\ntestdata/badpkgdecl.go:1:34: expected 'package', found 'EOF'\r\n/go/src/b/x.go:1:21: could not import c (cannot find package \"c\" in any of:\r\n\t/go/src/c (from $GOROOT)\r\n\t($GOPATH not set))\r\n/go/src/b/x.go:1:21: could not import c (cannot find package \"c\" in any of:\r\n\t/go/src/c (from $GOROOT)\r\n\t($GOPATH not set))\r\n/go/src/b/x.go:1:21: could not import c (/go/src/c/x.go:1:8: expected 'IDENT', found 'EOF')\r\n/go/src/c/x.go:1:20: expected operand, found 'EOF'\r\ncannot find package \"two/three\" in any of:\r\n\t/go/src/two/three (from $GOROOT)\r\n\t($GOPATH not set)\r\n/go/src/c/x.go:1:31: cannot convert false (untyped bool constant) to int\r\n--- FAIL: ExampleConfig_CreateFromFiles (1.19s)\r\ngot:\r\ncreated: [hello]\r\nimported: []\r\ninitial: [hello]\r\nall: [errors fmt hello io math os reflect runtime strconv sync sync/atomic syscall time unicode/utf8]\r\nstrconv.Files: [atob.go atof.go atoi.go decimal.go doc.go extfloat.go ftoa.go isprint.go itoa.go quote.go]\r\nwant:\r\ncreated: [hello]\r\nimported: []\r\ninitial: [hello]\r\nall: [errors fmt hello io math os reflect runtime strconv sync sync/atomic syscall time unicode/utf8]\r\nstrconv.Files: [atob.go atof.go atoi.go decimal.go extfloat.go ftoa.go isprint.go itoa.go quote.go]\r\n--- FAIL: ExampleConfig_Import (1.17s)\r\ngot:\r\ncreated: [strconv_test]\r\nimported: [errors strconv unicode/utf8]\r\ninitial: [errors strconv strconv_test unicode/utf8]\r\nall: [bufio bytes errors flag fmt io log math math/rand os reflect runtime runtime/pprof runtime/trace sort strconv strconv_test strings sync sync/atomic syscall testing text/tabwriter time unicode unicode/utf8]\r\nstrconv.Files: [atob.go atof.go atoi.go decimal.go doc.go extfloat.go ftoa.go isprint.go itoa.go quote.go internal_test.go]\r\nstrconv_test.Files: [atob_test.go atof_test.go atoi_test.go decimal_test.go example_test.go fp_test.go ftoa_test.go itoa_test.go quote_test.go strconv_test.go]\r\nwant:\r\ncreated: [strconv_test]\r\nimported: [errors strconv unicode/utf8]\r\ninitial: [errors strconv strconv_test unicode/utf8]\r\nall: [bufio bytes errors flag fmt io math math/rand os reflect runtime runtime/pprof sort strconv strconv_test strings sync sync/atomic syscall testing text/tabwriter time unicode unicode/utf8]\r\nstrconv.Files: [atob.go atof.go atoi.go decimal.go extfloat.go ftoa.go isprint.go itoa.go quote.go internal_test.go]\r\nstrconv_test.Files: [atob_test.go atof_test.go atoi_test.go decimal_test.go fp_test.go ftoa_test.go itoa_test.go quote_example_test.go quote_test.go strconv_test.go]\r\nFAIL\r\nFAIL\tgolang.org/x/tools/go/loader\t20.529s\r\n```\r\n",
	"user": {
		"login": "bradfitz",
		"id": 2621,
		"type": "User",
		"site_admin": false
	},
	"labels": [
		{
			"name": "FrozenDueToAge"
		}
	],
	"assignee": {
		"login": "alandonovan",
		"id": 8433140,
		"type": "User",
		"site_admin": false
	},
	"comments": 2,
	"closed_at": "2015-07-29T10:07:49Z",
	"created_at": "2015-07-29T10:03:30Z",
	"updated_at": "2016-08-05T16:11:36Z",
	"milestone": {
		"id": 905105,
		"number": 1,
		"title": "Go1.5"
	}
}
