{
	"id": 51276091,
	"number": 134,
	"state": "closed",
	"title": "Snow Leopard Install Errors",
	"body": "by **chaoslichen**:\n\n\u003cpre\u003eBefore filing a bug, please check whether it has been fixed since\nthe latest release: run \u0026quot;hg pull -u\u0026quot; and retry what you did to\nreproduce the problem.  Thanks.\n\nWhat steps will reproduce the problem?\n1. ./all.bash\n\nWhat is the expected output? What do you see instead?\nI expected no errors, I got:\n\ncd runtime \u0026amp;\u0026amp; make install\ncd unicode \u0026amp;\u0026amp; make install\ncd sort \u0026amp;\u0026amp; make install\ncd math \u0026amp;\u0026amp; make install\ncp _obj/unicode.a /Users/Chas/go/pkg/darwin_amd64/unicode.a\ncp _obj/sort.a /Users/Chas/go/pkg/darwin_amd64/sort.a\ncp: /Users/Chas/go/pkg/darwin_amd64/unicode.a: Permission denied\nmake[1]: *** [/Users/Chas/go/pkg/darwin_amd64/unicode.a] Error 1\ncp: /Users/Chas/go/pkg/darwin_amd64/sort.a: Permission denied\nmake[1]: *** [/Users/Chas/go/pkg/darwin_amd64/sort.a] Error 1\nmake: *** [unicode.install] Error 2\nmake: *** Waiting for unfinished jobs....\nmake: *** [sort.install] Error 2\ncp _obj/runtime.a /Users/Chas/go/pkg/darwin_amd64/runtime.a\ncp: /Users/Chas/go/pkg/darwin_amd64/runtime.a: Permission denied\nmake[1]: *** [/Users/Chas/go/pkg/darwin_amd64/runtime.a] Error 1\nmake: *** [runtime.install] Error 2\ncp _obj/math.a /Users/Chas/go/pkg/darwin_amd64/math.a\ncp: /Users/Chas/go/pkg/darwin_amd64/math.a: Permission denied\nmake[1]: *** [/Users/Chas/go/pkg/darwin_amd64/math.a] Error 1\nmake: *** [math.install] Error 2\n\n\nWhat is your $GOOS?  $GOARCH?\n$GOOS=darwin\n$GOARCH=amd64\n\nWhich revision are you sync'ed to?  (hg log -l 1)\nchangeset:   4021:3d43362ac8d4\n\nPlease provide any additional information below.\nWhen run as sudo, this fails like this:\n\ncd path \u0026amp;\u0026amp; make test\ngotest\nrm -f _test/path.a _gotest_.6\n6g -o _gotest_.6 path.go    path_test.go\nrm -f _test/path.a\ngopack grc _test/path.a _gotest_.6 \n--- FAIL: path.TestWalk\n\t1. error expected, none found\n\tnode testdata/d/x mark = 2; expected 1\n\tnode testdata/d/y mark = 2; expected 1\n\tnode testdata/d/z mark = 2; expected 1\n\tnode testdata/d/z/u mark = 2; expected 1\n\tnode testdata/d/z/v mark = 2; expected 1\nFAIL\nmake[1]: *** [test] Error 1\nmake: *** [path.test] Error 2\u003c/pre\u003e",
	"user": {
		"login": "gopherbot",
		"id": 8566911,
		"type": "User",
		"site_admin": false
	},
	"labels": [
		{
			"name": "FrozenDueToAge"
		}
	],
	"comments": 1,
	"closed_at": "2014-12-08T10:03:24Z",
	"created_at": "2009-11-13T06:43:10Z",
	"updated_at": "2016-06-24T19:01:00Z"
}
