{
	"id": 51276638,
	"number": 552,
	"state": "closed",
	"title": "Can't compile revision 40dd722155f6",
	"body": "by **stephen@q5comm.com**:\n\n\u003cpre\u003eBefore filing a bug, please check whether it has been fixed since\nthe latest release: run \u0026quot;hg pull -u\u0026quot; and retry what you did to\nreproduce the problem.  Thanks.\n\nWhat steps will reproduce the problem?\n1. get the latest revision (40dd722155f6)\n2. make all\n\nWhat is the expected output? What do you see instead?\n\n%%%% making gc %%%%\n\nmake[1]: Entering directory `/home/stephen/sandbox/go/src/cmd/gc'\nbison -y -d go.y                                                 \ngo.y:950.9-953.9: warning: rule useless in parser due to conflicts:\nnon_expr_type: '(' non_expr_type ')'                                      \n                                             \n./mkbuiltin || \\                                                          \n                   \n        (echo 'mkbuiltin failed; using bootstrap copy of builtin.c'; cp\nbuiltin.c.boot builtin.c)                                                 \n                                         \n./mkopnames go.h \u0026gt;opnames.h                                               \n                   \n/home/stephen/bin/quietgcc -ggdb -I\u0026quot;/home/stephen/sandbox/go\u0026quot;/include -O2\n-fno-inline -c \u0026quot;/home/stephen/sandbox/go/src/cmd/gc\u0026quot;/align.c              \n                                       \n/home/stephen/bin/quietgcc -ggdb -I\u0026quot;/home/stephen/sandbox/go\u0026quot;/include -O2\n-fno-inline -c \u0026quot;/home/stephen/sandbox/go/src/cmd/gc\u0026quot;/bits.c               \n                                       \n/home/stephen/bin/quietgcc -ggdb -I\u0026quot;/home/stephen/sandbox/go\u0026quot;/include -O2\n-fno-inline -c \u0026quot;/home/stephen/sandbox/go/src/cmd/gc\u0026quot;/builtin.c\n/home/stephen/bin/quietgcc -ggdb -I\u0026quot;/home/stephen/sandbox/go\u0026quot;/include -O2\n-fno-inline -c \u0026quot;/home/stephen/sandbox/go/src/cmd/gc\u0026quot;/closure.c\n/home/stephen/sandbox/go/src/cmd/gc/builtin.c:3: error: expected ‘,’ or ‘;’\nbefore ‘runtime’\n/home/stephen/sandbox/go/src/cmd/gc/builtin.c:82: error: expected ‘,’ or\n‘;’ before ‘unsafe’\nmake[1]: *** [builtin.o] Error 1\nmake[1]: *** Waiting for unfinished jobs....\nmake[1]: Leaving directory `/home/stephen/sandbox/go/src/cmd/gc'\nmake: *** [build] Error 1\n\n\nWhat is your $GOOS?  $GOARCH?\nLinux amd64\n\nWhich revision are you using?  (hg identify)\n40dd722155f6\u003c/pre\u003e",
	"user": {
		"login": "gopherbot",
		"id": 8566911,
		"type": "User",
		"site_admin": false
	},
	"labels": [
		{
			"name": "FrozenDueToAge"
		}
	],
	"comments": 2,
	"closed_at": "2014-12-08T10:05:02Z",
	"created_at": "2010-01-22T22:47:13Z",
	"updated_at": "2016-06-24T19:13:07Z"
}
