{
	"id": 249324620,
	"body": "With @jfrazelle's help, we've almost got this working.\r\n\r\nBut we just saw a crash when running the cross-built GOROOT files on the normal Scaleway.com ARM machine:\r\n\r\n```\r\n--- FAIL: TestCgoExternalThreadPanic (0.01s)\r\n\tcrash_test.go:105: testprogcgo CgoExternalThreadPanic exit status: signal: segmentation fault\r\n\tcrash_cgo_test.go:72: want failure containing \"panic: BOOM\". output:\r\n\t\t\r\n--- FAIL: TestEnsureDropM (0.01s)\r\n\tcrash_test.go:105: testprogcgo EnsureDropM exit status: signal: segmentation fault\r\n\tcrash_cgo_test.go:154: expected \"OK\\n\", got \r\nFAIL\r\nFAIL\truntime\t68.340s\r\n```\r\n\r\nNot sure what to make of that.\r\n\r\n@ianlancetaylor?\r\n",
	"user": {
		"login": "bradfitz",
		"id": 2621,
		"type": "User",
		"site_admin": false
	},
	"created_at": "2016-09-23T23:23:31Z",
	"updated_at": "2016-09-23T23:23:31Z"
}
