{
	"id": 131218960,
	"body": "@akolb1 Three tests fail for me; I think they are flock relateddb_test.go:57: \r\n\r\n--- FAIL: TestOpen_Timeout (0.00s)\r\ndb_test.go:86: \r\n\r\n--- FAIL: TestOpen_Wait (0.00s)\r\ndb_test.go:257: \r\n\r\n--- FAIL: TestOpen_ReadOnly (0.00s)\r\n\r\nI'm looking at the first test now, looks like we failing to prevent a second open of the same db ...\r\n",
	"user": {
		"login": "ksedgwic",
		"id": 38590,
		"type": "User",
		"site_admin": false
	},
	"created_at": "2015-08-14T19:51:41Z",
	"updated_at": "2015-08-14T19:51:41Z"
}
