{
	"id": 51278972,
	"number": 2268,
	"state": "closed",
	"title": "sync/atomic: test fails with illegal instruction",
	"body": "\u003cpre\u003e./all.bash is failing with this:\n\nTEST FAIL sync/atomic\nmake[1]: Entering directory `/home/fhs/go/tip/src/pkg/sync/atomic'\ngotest -test.short -test.timeout=120\nrm -f _test/sync/atomic.a\n8g  -p sync/atomic -o _gotest_.8 doc.go  \n8a asm_386.s\nrm -f _test/sync/atomic.a\ngopack grc _test/sync/atomic.a _gotest_.8 asm_386.8 \npanic: runtime error: SIGILL: illegal instruction\n[signal 0x4 code=0x2 addr=0x807b8a2 pc=0x807b8a2]\n\ngoroutine 22 [running]:\nsync/atomic.StoreUint64(0x18602508, 0x0)\n\t/home/fhs/go/tip/src/pkg/sync/atomic/asm_386.s:141 +0xe\n/home/fhs/go/tip/src/pkg/sync/atomic/_xtest_.TestStoreInt64(0x186174a0, 0x1863ac60)\n\t/home/fhs/go/tip/src/pkg/sync/atomic/atomic_test.go:530 +0x1c1\ntesting.tRunner(0x186174a0, 0x81a0c84, 0x0)\n\t/home/fhs/go/tip/src/pkg/testing/testing.go:156 +0x39\ncreated by testing.RunTests\n\t/home/fhs/go/tip/src/pkg/testing/testing.go:200 +0x511\n\ngoroutine 1 [chan receive]:\ntesting.RunTests(0x8048c00, 0x81a0ba0, 0x1e)\n\t/home/fhs/go/tip/src/pkg/testing/testing.go:201 +0x53f\ntesting.Main(0x8048c00, 0x81a0ba0, 0x1e, 0x1e, 0x81a7228, ...)\n\t/home/fhs/go/tip/src/pkg/testing/testing.go:168 +0x49\nmain.main()\n\t/home/fhs/go/tip/src/pkg/sync/atomic/_testmain.go:58 +0x43\n\ngoroutine 2 [syscall]:\nsyscall.Syscall6()\n\t/home/fhs/go/tip/src/pkg/syscall/asm_linux_386.s:46 +0x27\nsyscall.Select(0x0, 0x0, 0x0, 0x0, 0x186002b0, ...)\n\t/home/fhs/go/tip/src/pkg/syscall/zsyscall_linux_386.go:1098 +0x69\nsyscall.Sleep(0x3b9aca00, 0x0, 0x0, 0x0)\n\t/home/fhs/go/tip/src/pkg/syscall/syscall_linux.go:189 +0x94\ntime.sysSleep(0x3b9aca00, 0x0, 0x0, 0x0)\n\t/home/fhs/go/tip/src/pkg/time/sys_unix.go:15 +0x31\ntime.sleeper(0x1, 0x0)\n\t/home/fhs/go/tip/src/pkg/time/sleep.go:128 +0x135\ncreated by time.after\n\t/home/fhs/go/tip/src/pkg/time/sleep.go:109 +0x262\ngotest: \u0026quot;./8.out -test.short=true -test.timeout=120\u0026quot; failed: exit status 2\nmake[1]: *** [testshort] Error 2\nmake[1]: Leaving directory `/home/fhs/go/tip/src/pkg/sync/atomic'\nmake: *** [sync/atomic.testshort] Error 1\n\n\nWhich compiler are you using (5g, 6g, 8g, gccgo)?\n\n8g\n\nWhich operating system are you using?\n\nLinux\n\nWhich revision are you using?  (hg identify)\n\nab4256049da2+ tip\n\nPlease provide any additional information below.\n\nMFENCE instruction seems to be the offender. This is on an old x86 system without SSE2.\u003c/pre\u003e",
	"user": {
		"login": "fhs",
		"id": 183501,
		"type": "User",
		"site_admin": false
	},
	"labels": [
		{
			"name": "FrozenDueToAge"
		}
	],
	"comments": 3,
	"closed_at": "2014-12-08T10:12:13Z",
	"created_at": "2011-09-17T05:57:16Z",
	"updated_at": "2016-06-24T19:34:53Z"
}
