{
	"id": 66046319,
	"body": "\u003ca id=\"c2\"\u003e\u003c/a\u003eComment 2 by **tfolger**:\n\n\u003cpre\u003eI'm also seeing this issue, linux/amd64\n\n$ hg log -l 1\nchangeset:   3952:64e703cb307d\ntag:         tip\nuser:        Russ Cox \u0026lt;rsc@golang.org\u0026gt;\ndate:        Tue Nov 10 14:09:01 2009 -0800\nsummary:     update video links\n\n\n$ GOROOT=/usr/local/src/go/mercurial_repo GOOS=linux GOARCH=amd64 sh -x gotest\n+ _GC=\n+ . /usr/local/src/go/mercurial_repo/src/Make.amd64\n++ O=6\n++ AS=6a\n++ CC=6c\n++ GC=6g\n++ LD=6l\n++ OS=568vq\n++ CFLAGS=-FVw\n+ '[' -z 6 ']'\n+ E=\n+ case \"$GOOS\" in\n+ case x\"$GOARCH\" in\n+ GC=6g\n+ GL=6l\n+ GC='6g -I _test'\n+ GL='6l -L _test'\n+ export GC GL O AS CC LD\n+ gofiles=\n+ loop=true\n+ true\n+ case \"x$1\" in\n+ loop=false\n+ false\n+ case \"x$gofiles\" in\n+++ ls reader_test.go writer_test.go '*_test.pb.go'\n++ echo -n reader_test.go writer_test.go\n+ gofiles='reader_test.go writer_test.go'\n+ case \"x$gofiles\" in\n+ sh\n+ sed -n 's/^\\/\\/ gotest: //p' reader_test.go writer_test.go\n+++ grep '^package[ \t]' reader_test.go writer_test.go /dev/null\n+++ grep ':.*_test'\n+++ sed 's/:.*//'\n++ echo\n+ xgofiles=\n+++ grep '^package[ \t]' reader_test.go writer_test.go /dev/null\n+++ grep -v ':.*_test'\n+++ sed 's/:.*//'\n++ echo reader_test.go writer_test.go\n+ gofiles='reader_test.go writer_test.go'\n+ xofile=\n+ havex=false\n+ '[' x '!=' x ']'\n+ set -e\n+ make testpackage-clean\nrm -f _test/archive/tar.a _gotest_.6\n+ make testpackage 'GOTESTFILES=reader_test.go writer_test.go'\n6g -o _gotest_.6 common.go reader.go writer.go    reader_test.go writer_test.go\nrm -f _test/archive/tar.a\ngopack grc _test/archive/tar.a _gotest_.6 \n+ false\n+ trap 'rm -f _testmain.go _testmain.6' 0 1 2 3 14 15\n+ MAKEFLAGS=\n+ MAKELEVEL=\n++ make -s importpath\n+ importpath=archive/tar\n+ pattern='Test([^a-z].*)?'\n++ 6nm -s _test/archive/tar.a\n++ egrep ' T .*路Test([^a-z].*)?$'\n++ grep -v '路.*[.路]'\n++ sed 's/.* //; s/路/./'\n+ tests=\n+ '[' x = x ']'\n+ echo 'gotest: error: no tests matching Test([^a-z].*)?' in _test/archive/tar.a\ngotest: error: no tests matching Test([^a-z].*)? in _test/archive/tar.a\n+ exit 2\n+ rm -f _testmain.go _testmain.6\u003c/pre\u003e",
	"user": {
		"login": "gopherbot",
		"id": 8566911,
		"type": "User",
		"site_admin": false
	},
	"created_at": "2009-11-11T02:33:06Z",
	"updated_at": "2014-12-22T05:38:03Z"
}
