{
	"id": 51989133,
	"number": 9324,
	"state": "closed",
	"title": "x/mobile: cannot build docker image",
	"body": "My setup:\r\n - Year old Macbook Air, on Yosemite\r\n - Docker: version 1.3.2, build 39fa2fa\r\n - Boot2docker: Client version: v1.2.0\r\n - My local machine's go version: go1.4 darwin/amd64\r\n\r\nBuilding the docker image, [as per instructions](https://github.com/golang/mobile) fails for me. Also, rebuilt with `no-cache` flag just in case there had been an issue with another part of the build, and Docker had cached it.\r\n\r\nI'd really appreciate it if anyone could shed some light on this issue. I am aware it's still in dev, but I would love to try it out.\r\n\r\n```\r\n##### Building packages and commands for linux/amd64.\r\n```\r\n```\r\n##### Testing packages.\r\nok  \tcmd/addr2line\t6.295s\r\n?   \tcmd/cgo\t[no test files]\r\nok  \tcmd/fix\t0.041s\r\nok  \tcmd/go\t0.132s\r\nok  \tcmd/gofmt\t0.173s\r\nok  \tcmd/link\t0.149s\r\nok  \tcmd/nm\t7.523s\r\nok  \tcmd/objdump\t22.101s\r\nok  \tcmd/pack\t15.766s\r\n?   \tcmd/pprof\t[no test files]\r\n?   \tcmd/yacc\t[no test files]\r\nok  \tarchive/tar\t0.055s\r\nok  \tarchive/zip\t1.581s\r\nok  \tbufio\t0.419s\r\nok  \tbytes\t0.174s\r\nok  \tcmd/internal/goobj\t0.006s\r\n?   \tcmd/internal/objfile\t[no test files]\r\n?   \tcmd/pprof/internal/commands\t[no test files]\r\n?   \tcmd/pprof/internal/driver\t[no test files]\r\n?   \tcmd/pprof/internal/fetch\t[no test files]\r\n?   \tcmd/pprof/internal/plugin\t[no test files]\r\n?   \tcmd/pprof/internal/profile\t[no test files]\r\n?   \tcmd/pprof/internal/report\t[no test files]\r\n?   \tcmd/pprof/internal/svg\t[no test files]\r\n?   \tcmd/pprof/internal/symbolizer\t[no test files]\r\n?   \tcmd/pprof/internal/symbolz\t[no test files]\r\n?   \tcmd/pprof/internal/tempfile\t[no test files]\r\nok  \tcompress/bzip2\t0.108s\r\nok  \tcompress/flate\t1.655s\r\nok  \tcompress/gzip\t0.122s\r\nok  \tcompress/lzw\t0.318s\r\nok  \tcompress/zlib\t2.250s\r\nok  \tcontainer/heap\t0.006s\r\nok  \tcontainer/list\t0.009s\r\nok  \tcontainer/ring\t0.086s\r\n?   \tcrypto\t[no test files]\r\nok  \tcrypto/aes\t0.075s\r\nok  \tcrypto/cipher\t0.015s\r\nok  \tcrypto/des\t0.034s\r\nok  \tcrypto/dsa\t0.019s\r\nok  \tcrypto/ecdsa\t0.049s\r\nok  \tcrypto/elliptic\t0.073s\r\nok  \tcrypto/hmac\t0.083s\r\nok  \tcrypto/md5\t0.013s\r\nok  \tcrypto/rand\t0.081s\r\nok  \tcrypto/rc4\t0.229s\r\nok  \tcrypto/rsa\t0.311s\r\nok  \tcrypto/sha1\t0.008s\r\nok  \tcrypto/sha256\t0.007s\r\nok  \tcrypto/sha512\t0.010s\r\nok  \tcrypto/subtle\t0.022s\r\nok  \tcrypto/tls\t4.096s\r\nok  \tcrypto/x509\t9.011s\r\n?   \tcrypto/x509/pkix\t[no test files]\r\nok  \tdatabase/sql\t0.194s\r\nok  \tdatabase/sql/driver\t0.014s\r\nok  \tdebug/dwarf\t0.046s\r\nok  \tdebug/elf\t0.060s\r\nok  \tdebug/gosym\t1.097s\r\nok  \tdebug/macho\t0.028s\r\nok  \tdebug/pe\t0.089s\r\nok  \tdebug/plan9obj\t0.026s\r\n?   \tencoding\t[no test files]\r\nok  \tencoding/ascii85\t0.062s\r\nok  \tencoding/asn1\t0.011s\r\nok  \tencoding/base32\t0.040s\r\nok  \tencoding/base64\t0.039s\r\nok  \tencoding/binary\t0.031s\r\nok  \tencoding/csv\t0.054s\r\nok  \tencoding/gob\t0.184s\r\nok  \tencoding/hex\t0.007s\r\nok  \tencoding/json\t0.393s\r\nok  \tencoding/pem\t0.008s\r\nok  \tencoding/xml\t0.036s\r\nok  \terrors\t0.035s\r\nok  \texpvar\t0.009s\r\nok  \tflag\t0.008s\r\nok  \tfmt\t0.087s\r\nok  \tgo/ast\t0.021s\r\nok  \tgo/build\t0.373s\r\nok  \tgo/doc\t0.222s\r\nok  \tgo/format\t0.029s\r\nok  \tgo/parser\t0.110s\r\nok  \tgo/printer\t0.760s\r\nok  \tgo/scanner\t0.023s\r\nok  \tgo/token\t0.084s\r\n?   \thash\t[no test files]\r\nok  \thash/adler32\t0.023s\r\nok  \thash/crc32\t0.008s\r\nok  \thash/crc64\t0.033s\r\nok  \thash/fnv\t0.036s\r\nok  \thtml\t0.020s\r\nok  \thtml/template\t0.133s\r\nok  \timage\t0.214s\r\nok  \timage/color\t0.023s\r\n?   \timage/color/palette\t[no test files]\r\nok  \timage/draw\t0.218s\r\nok  \timage/gif\t0.113s\r\nok  \timage/jpeg\t0.464s\r\nok  \timage/png\t0.132s\r\nok  \tindex/suffixarray\t0.042s\r\n?   \tinternal/syscall\t[no test files]\r\nok  \tio\t0.068s\r\nok  \tio/ioutil\t0.024s\r\nok  \tlog\t0.026s\r\nok  \tlog/syslog\t2.097s\r\nok  \tmath\t0.007s\r\nok  \tmath/big\t0.624s\r\nok  \tmath/cmplx\t0.007s\r\nok  \tmath/rand\t0.384s\r\nok  \tmime\t0.024s\r\nok  \tmime/multipart\t0.522s\r\nok  \tnet\t2.804s\r\nok  \tnet/http\t5.565s\r\nok  \tnet/http/cgi\t0.440s\r\nok  \tnet/http/cookiejar\t0.016s\r\nok  \tnet/http/fcgi\t0.026s\r\nok  \tnet/http/httptest\t0.031s\r\nok  \tnet/http/httputil\t0.036s\r\nok  \tnet/http/internal\t0.011s\r\n?   \tnet/http/pprof\t[no test files]\r\nok  \tnet/mail\t0.010s\r\nok  \tnet/rpc\t0.034s\r\nok  \tnet/rpc/jsonrpc\t0.057s\r\nok  \tnet/smtp\t0.043s\r\nok  \tnet/textproto\t0.014s\r\nok  \tnet/url\t0.035s\r\nok  \tos\t0.873s\r\nok  \tos/exec\t0.325s\r\nok  \tos/signal\t2.830s\r\nok  \tos/user\t0.017s\r\nok  \tpath\t0.013s\r\nok  \tpath/filepath\t0.060s\r\nok  \treflect\t0.191s\r\nok  \tregexp\t0.371s\r\nok  \tregexp/syntax\t0.754s\r\n--- FAIL: TestCgoCrashHandler (0.07s)\r\n\tcrash_test.go:88: Stale runtime.a. Run 'go install runtime'.\r\n--- FAIL: TestCgoSignalDeadlock (0.09s)\r\n\tcrash_test.go:88: Stale runtime.a. Run 'go install runtime'.\r\n--- FAIL: TestCgoTraceback (0.08s)\r\n\tcrash_test.go:88: Stale runtime.a. Run 'go install runtime'.\r\n--- FAIL: TestCgoExternalThreadPanic (0.09s)\r\n\tcrash_test.go:88: Stale runtime.a. Run 'go install runtime'.\r\n--- FAIL: TestCrashHandler (0.08s)\r\n\tcrash_test.go:88: Stale runtime.a. Run 'go install runtime'.\r\n--- FAIL: TestSimpleDeadlock (0.06s)\r\n\tcrash_test.go:88: Stale runtime.a. Run 'go install runtime'.\r\n--- FAIL: TestInitDeadlock (0.06s)\r\n\tcrash_test.go:88: Stale runtime.a. Run 'go install runtime'.\r\n--- FAIL: TestLockedDeadlock (0.15s)\r\n\tcrash_test.go:88: Stale runtime.a. Run 'go install runtime'.\r\n--- FAIL: TestLockedDeadlock2 (0.08s)\r\n\tcrash_test.go:88: Stale runtime.a. Run 'go install runtime'.\r\n--- FAIL: TestGoexitDeadlock (0.09s)\r\n\tcrash_test.go:88: Stale runtime.a. Run 'go install runtime'.\r\n--- FAIL: TestStackOverflow (0.08s)\r\n\tcrash_test.go:88: Stale runtime.a. Run 'go install runtime'.\r\n--- FAIL: TestThreadExhaustion (0.09s)\r\n\tcrash_test.go:88: Stale runtime.a. Run 'go install runtime'.\r\n--- FAIL: TestRecursivePanic (0.08s)\r\n\tcrash_test.go:88: Stale runtime.a. Run 'go install runtime'.\r\n--- FAIL: TestGoexitCrash (0.09s)\r\n\tcrash_test.go:88: Stale runtime.a. Run 'go install runtime'.\r\n--- FAIL: TestGoNil (0.07s)\r\n\tcrash_test.go:88: Stale runtime.a. Run 'go install runtime'.\r\n--- FAIL: TestMainGoroutineId (0.07s)\r\n\tcrash_test.go:88: Stale runtime.a. Run 'go install runtime'.\r\n--- FAIL: TestBreakpoint (0.05s)\r\n\tcrash_test.go:88: Stale runtime.a. Run 'go install runtime'.\r\n--- FAIL: TestGoexitInPanic (0.10s)\r\n\tcrash_test.go:88: Stale runtime.a. Run 'go install runtime'.\r\n--- FAIL: TestPanicAfterGoexit (0.09s)\r\n\tcrash_test.go:88: Stale runtime.a. Run 'go install runtime'.\r\n--- FAIL: TestRecoveredPanicAfterGoexit (0.07s)\r\n\tcrash_test.go:88: Stale runtime.a. Run 'go install runtime'.\r\n--- FAIL: TestGcSys (0.06s)\r\n\tcrash_test.go:88: Stale runtime.a. Run 'go install runtime'.\r\n--- FAIL: TestGCFairness (0.08s)\r\n\tcrash_test.go:88: Stale runtime.a. Run 'go install runtime'.\r\n--- FAIL: TestLargeStringConcat (0.08s)\r\n\tcrash_test.go:88: Stale runtime.a. Run 'go install runtime'.\r\nFAIL\r\nFAIL\truntime\t13.732s\r\n?   \truntime/cgo\t[no test files]\r\nok  \truntime/debug\t0.020s\r\nok  \truntime/pprof\t8.211s\r\n?   \truntime/race\t[no test files]\r\nok  \tsort\t0.127s\r\nok  \tstrconv\t0.461s\r\nok  \tstrings\t0.178s\r\nok  \tsync\t0.819s\r\nok  \tsync/atomic\t0.278s\r\nok  \tsyscall\t0.014s\r\nok  \ttesting\t1.427s\r\n?   \ttesting/iotest\t[no test files]\r\nok  \ttesting/quick\t0.059s\r\nok  \ttext/scanner\t0.011s\r\nok  \ttext/tabwriter\t0.013s\r\nok  \ttext/template\t0.079s\r\nok  \ttext/template/parse\t0.030s\r\nok  \ttime\t2.995s\r\nok  \tunicode\t0.017s\r\nok  \tunicode/utf16\t0.021s\r\nok  \tunicode/utf8\t0.018s\r\n?   \tunsafe\t[no test files]\r\n2014/12/15 12:51:56 The command [/bin/sh -c curl -L https://github.com/golang/go/archive/master.zip -o /tmp/go.zip \u0026\u0026 \tunzip /tmp/go.zip \u0026\u0026 \trm /tmp/go.zip \u0026\u0026 \tmv /go-master $GOROOT \u0026\u0026 \techo devel \u003e $GOROOT/VERSION \u0026\u0026 \tcd $GOROOT/src \u0026\u0026 \t./all.bash \u0026\u0026 \tCC_FOR_TARGET=$NDK_ROOT/bin/arm-linux-androideabi-gcc GOOS=android GOARCH=arm GOARM=7 ./make.bash] returned a non-zero code: 1\r\n```",
	"user": {
		"login": "SamMorrowDrums",
		"id": 4811358,
		"type": "User",
		"site_admin": false
	},
	"labels": [
		{
			"name": "FrozenDueToAge"
		}
	],
	"comments": 3,
	"closed_at": "2014-12-15T15:10:26Z",
	"created_at": "2014-12-15T14:04:25Z",
	"updated_at": "2016-08-05T16:08:45Z"
}
