{
	"id": 66086304,
	"body": "\u003ca id=\"c24\"\u003e\u003c/a\u003eComment 24 by **mazdak@chango.com**:\n\n\u003cpre\u003eI see this error trying to do the following on Mavericks:\n\nCC=clang ./all.bash\n\n# ../misc/cgo/test\n# _/usr/local/go/misc/cgo/test\n./issue6506.go:22:8: error: expected parameter declarator\nsize_t strlcpy(char*, const char*, size_t);\n       ^\n/Applications/Xcode.app/Contents/Developer/Platforms/MacOSX.platform/Developer/SDKs/MacOSX10.9.sdk/usr/include/secure/_string.h:105:44:\nnote: expanded from macro 'strlcpy'\n  __builtin___strlcpy_chk (dest, src, len, __darwin_obsz (dest))\n                                           ^\n/Applications/Xcode.app/Contents/Developer/Platforms/MacOSX.platform/Developer/SDKs/MacOSX10.9.sdk/usr/include/secure/_common.h:39:62:\nnote: expanded from macro '__darwin_obsz'\n#define __darwin_obsz(object) __builtin_object_size (object, _USE_FORTIFY_LEVEL \u003e 1 ? 1\n: 0)\n                                                             ^\n/Applications/Xcode.app/Contents/Developer/Platforms/MacOSX.platform/Developer/SDKs/MacOSX10.9.sdk/usr/include/secure/_common.h:30:32:\nnote: expanded from macro '_USE_FORTIFY_LEVEL'\n#    define _USE_FORTIFY_LEVEL 2\n                               ^\n./issue6506.go:22:8: error: expected ')'\n/Applications/Xcode.app/Contents/Developer/Platforms/MacOSX.platform/Developer/SDKs/MacOSX10.9.sdk/usr/include/secure/_string.h:105:44:\nnote: expanded from macro 'strlcpy'\n  __builtin___strlcpy_chk (dest, src, len, __darwin_obsz (dest))\n                                           ^\n/Applications/Xcode.app/Contents/Developer/Platforms/MacOSX.platform/Developer/SDKs/MacOSX10.9.sdk/usr/include/secure/_common.h:39:62:\nnote: expanded from macro '__darwin_obsz'\n#define __darwin_obsz(object) __builtin_object_size (object, _USE_FORTIFY_LEVEL \u003e 1 ? 1\n: 0)\n                                                             ^\n/Applications/Xcode.app/Contents/Developer/Platforms/MacOSX.platform/Developer/SDKs/MacOSX10.9.sdk/usr/include/secure/_common.h:30:32:\nnote: expanded from macro '_USE_FORTIFY_LEVEL'\n#    define _USE_FORTIFY_LEVEL 2\n                               ^\n./issue6506.go:22:8: note: to match this '('\n/Applications/Xcode.app/Contents/Developer/Platforms/MacOSX.platform/Developer/SDKs/MacOSX10.9.sdk/usr/include/secure/_string.h:105:44:\nnote: expanded from macro 'strlcpy'\n  __builtin___strlcpy_chk (dest, src, len, __darwin_obsz (dest))\n                                           ^\n/Applications/Xcode.app/Contents/Developer/Platforms/MacOSX.platform/Developer/SDKs/MacOSX10.9.sdk/usr/include/secure/_common.h:39:53:\nnote: expanded from macro '__darwin_obsz'\n#define __darwin_obsz(object) __builtin_object_size (object, _USE_FORTIFY_LEVEL \u003e 1 ? 1\n: 0)\n                                                    ^\n./issue6506.go:22:8: error: type specifier missing, defaults to 'int'\n[-Werror,-Wimplicit-int]\nsize_t strlcpy(char*, const char*, size_t);\n       ^~~~~~~~~~~~~~~~~~~~~~~~~~~~~~~~~~~\n/Applications/Xcode.app/Contents/Developer/Platforms/MacOSX.platform/Developer/SDKs/MacOSX10.9.sdk/usr/include/secure/_string.h:105:44:\nnote: expanded from macro 'strlcpy'\n  __builtin___strlcpy_chk (dest, src, len, __darwin_obsz (dest))\n                                           ^~~~~~~~~~~~~~~~~~~~\n/Applications/Xcode.app/Contents/Developer/Platforms/MacOSX.platform/Developer/SDKs/MacOSX10.9.sdk/usr/include/secure/_common.h:39:31:\nnote: expanded from macro '__darwin_obsz'\n#define __darwin_obsz(object) __builtin_object_size (object, _USE_FORTIFY_LEVEL \u003e 1 ? 1\n: 0)\n                              ^~~~~~~~~~~~~~~~~~~~~\n./issue6506.go:22:8: error: conflicting types for '__builtin___strlcpy_chk'\n/Applications/Xcode.app/Contents/Developer/Platforms/MacOSX.platform/Developer/SDKs/MacOSX10.9.sdk/usr/include/secure/_string.h:105:3:\nnote: expanded from macro 'strlcpy'\n  __builtin___strlcpy_chk (dest, src, len, __darwin_obsz (dest))\n  ^\n./issue6506.go:22:8: note: '__builtin___strlcpy_chk' is a builtin with type 'unsigned\nlong (char *, const char *, unsigned long, unsigned long)'\n/Applications/Xcode.app/Contents/Developer/Platforms/MacOSX.platform/Developer/SDKs/MacOSX10.9.sdk/usr/include/secure/_string.h:105:3:\nnote: expanded from macro 'strlcpy'\n  __builtin___strlcpy_chk (dest, src, len, __darwin_obsz (dest))\n  ^\n./issue6506.go:23:8: error: expected parameter declarator\nsize_t strlcat(char*, const char*, size_t);\n       ^\n/Applications/Xcode.app/Contents/Developer/Platforms/MacOSX.platform/Developer/SDKs/MacOSX10.9.sdk/usr/include/secure/_string.h:111:44:\nnote: expanded from macro 'strlcat'\n  __builtin___strlcat_chk (dest, src, len, __darwin_obsz (dest))\n                                           ^\n/Applications/Xcode.app/Contents/Developer/Platforms/MacOSX.platform/Developer/SDKs/MacOSX10.9.sdk/usr/include/secure/_common.h:39:62:\nnote: expanded from macro '__darwin_obsz'\n#define __darwin_obsz(object) __builtin_object_size (object, _USE_FORTIFY_LEVEL \u003e 1 ? 1\n: 0)\n                                                             ^\n/Applications/Xcode.app/Contents/Developer/Platforms/MacOSX.platform/Developer/SDKs/MacOSX10.9.sdk/usr/include/secure/_common.h:30:32:\nnote: expanded from macro '_USE_FORTIFY_LEVEL'\n#    define _USE_FORTIFY_LEVEL 2\n                               ^\n./issue6506.go:23:8: error: expected ')'\n/Applications/Xcode.app/Contents/Developer/Platforms/MacOSX.platform/Developer/SDKs/MacOSX10.9.sdk/usr/include/secure/_string.h:111:44:\nnote: expanded from macro 'strlcat'\n  __builtin___strlcat_chk (dest, src, len, __darwin_obsz (dest))\n                                           ^\n/Applications/Xcode.app/Contents/Developer/Platforms/MacOSX.platform/Developer/SDKs/MacOSX10.9.sdk/usr/include/secure/_common.h:39:62:\nnote: expanded from macro '__darwin_obsz'\n#define __darwin_obsz(object) __builtin_object_size (object, _USE_FORTIFY_LEVEL \u003e 1 ? 1\n: 0)\n                                                             ^\n/Applications/Xcode.app/Contents/Developer/Platforms/MacOSX.platform/Developer/SDKs/MacOSX10.9.sdk/usr/include/secure/_common.h:30:32:\nnote: expanded from macro '_USE_FORTIFY_LEVEL'\n#    define _USE_FORTIFY_LEVEL 2\n                               ^\n./issue6506.go:23:8: note: to match this '('\n/Applications/Xcode.app/Contents/Developer/Platforms/MacOSX.platform/Developer/SDKs/MacOSX10.9.sdk/usr/include/secure/_string.h:111:44:\nnote: expanded from macro 'strlcat'\n  __builtin___strlcat_chk (dest, src, len, __darwin_obsz (dest))\n                                           ^\n/Applications/Xcode.app/Contents/Developer/Platforms/MacOSX.platform/Developer/SDKs/MacOSX10.9.sdk/usr/include/secure/_common.h:39:53:\nnote: expanded from macro '__darwin_obsz'\n#define __darwin_obsz(object) __builtin_object_size (object, _USE_FORTIFY_LEVEL \u003e 1 ? 1\n: 0)\n                                                    ^\n./issue6506.go:23:8: error: type specifier missing, defaults to 'int'\n[-Werror,-Wimplicit-int]\nsize_t strlcat(char*, const char*, size_t);\n       ^~~~~~~~~~~~~~~~~~~~~~~~~~~~~~~~~~~\n/Applications/Xcode.app/Contents/Developer/Platforms/MacOSX.platform/Developer/SDKs/MacOSX10.9.sdk/usr/include/secure/_string.h:111:44:\nnote: expanded from macro 'strlcat'\n  __builtin___strlcat_chk (dest, src, len, __darwin_obsz (dest))\n                                           ^~~~~~~~~~~~~~~~~~~~\n/Applications/Xcode.app/Contents/Developer/Platforms/MacOSX.platform/Developer/SDKs/MacOSX10.9.sdk/usr/include/secure/_common.h:39:31:\nnote: expanded from macro '__darwin_obsz'\n#define __darwin_obsz(object) __builtin_object_size (object, _USE_FORTIFY_LEVEL \u003e 1 ? 1\n: 0)\n                              ^~~~~~~~~~~~~~~~~~~~~\n./issue6506.go:23:8: error: conflicting types for '__builtin___strlcat_chk'\n/Applications/Xcode.app/Contents/Developer/Platforms/MacOSX.platform/Developer/SDKs/MacOSX10.9.sdk/usr/include/secure/_string.h:111:3:\nnote: expanded from macro 'strlcat'\n  __builtin___strlcat_chk (dest, src, len, __darwin_obsz (dest))\n  ^\n./issue6506.go:23:8: note: '__builtin___strlcat_chk' is a builtin with type 'unsigned\nlong (char *, const char *, unsigned long, unsigned long)'\n/Applications/Xcode.app/Contents/Developer/Platforms/MacOSX.platform/Developer/SDKs/MacOSX10.9.sdk/usr/include/secure/_string.h:111:3:\nnote: expanded from macro 'strlcat'\n  __builtin___strlcat_chk (dest, src, len, __darwin_obsz (dest))\n  ^\n8 errors generated.\nFAIL\t_/usr/local/go/misc/cgo/test [build failed]\u003c/pre\u003e",
	"user": {
		"login": "gopherbot",
		"id": 8566911,
		"type": "User",
		"site_admin": false
	},
	"created_at": "2013-10-15T17:03:13Z",
	"updated_at": "2014-12-08T10:35:58Z"
}
