{
	"id": 66064385,
	"body": "\u003ca id=\"c8\"\u003e\u003c/a\u003eComment 8:\n\n\u003cpre\u003eThere's another issue here.\n\nThe following mostly works if you have a GOROOT to appease the go tool to the point that\nit builds with gccgo:\n\ngo test -compiler=gccgo -gccgoflags --coverage -v -work ./...\n\nbut with benchmarks added, there's some errors:\n\ngo test -compiler=gccgo -gccgoflags --coverage -v -work -test.bench=. ./...\n\nE.g., with my experiment of building parts of the 6g standard library with gccgo, I see\nstuff like:\n\n=== RUN TestReader-16\n--- PASS: TestReader-16 (0.00 seconds)\n=== RUN TestPartialRead-16\n--- PASS: TestPartialRead-16 (0.00 seconds)\n=== RUN TestIncrementalRead-16\n--- PASS: TestIncrementalRead-16 (0.00 seconds)\n=== RUN TestNonSeekable-16\n--- PASS: TestNonSeekable-16 (0.00 seconds)\n=== RUN TestWriter-16\n--- PASS: TestWriter-16 (0.82 seconds)\nPASS\nok  \tstd/archive/tar\t0.833s\n# testmain\ngccgo: error: : No such file or directory\nFAIL\tstd/archive/zip [build failed]\n# testmain\ngccgo: error: : No such file or directory\ngccgo: error: $WORK/std/archive/zip/_test/zip.test: No such file or directory\ngccgo: error: : No such file or directory\nFAIL\tstd/bufio [build failed]\n\nAlso, it doesn't seem as if the \"building out-of-date packages\" warning is displayed\nmore than once, although I think it should.\u003c/pre\u003e",
	"user": {
		"login": "alberts",
		"id": 409689,
		"type": "User",
		"site_admin": false
	},
	"created_at": "2012-03-10T12:51:59Z",
	"updated_at": "2014-12-08T10:16:52Z"
}
