{
	"id": 51283287,
	"number": 5209,
	"state": "closed",
	"title": "go 1.1beta1: funct.c:273:13: error: iteration 94u invokes undefined behavior",
	"body": "by **rodseth**:\n\n\u003cpre\u003eHi,\n\n\nWhen compiling go 1.1beta1 on 64-bit Arch Linux with gcc 4.8.0 I get this output:\n\n# Building C bootstrap tool.\ncmd/dist\n\n# Building compilers and Go bootstrap tool for host, linux/amd64.\nlib9\nlibbio\nlibmach\nmisc/pprof\ncmd/addr2line\ncmd/cov\ncmd/nm\ncmd/objdump\ncmd/pack\ncmd/prof\n\ncmd/cc\n/home/alexander/archpackages/community/go/trunk/src/go/src/cmd/cc/funct.c: In function\n'dclfunct':\n/home/alexander/archpackages/community/go/trunk/src/go/src/cmd/cc/funct.c:273:13: error:\niteration 94u invokes undefined behavior [-Werror=aggressive-loop-optimizations]\n   f-\u0026gt;sym[o] = S;\n             ^\n/home/alexander/archpackages/community/go/trunk/src/go/src/cmd/cc/funct.c:272:2: note:\ncontaining loop\n  for(o=0; o\u0026lt;sizeof(f-\u0026gt;sym); o++)\n  ^\ncc1: all warnings being treated as errors\ngo tool dist: FAILED: gcc -Wall -Wno-sign-compare -Wno-missing-braces -Wno-parentheses\n-Wno-unknown-pragmas -Wno-switch -Wno-comment -Werror -fno-common -ggdb -O2 -c -m64 -I\n/home/alexander/archpackages/community/go/trunk/src/go/include -I\n/home/alexander/archpackages/community/go/trunk/src/go/src/cmd/cc -o $WORK/funct.o\n/home/alexander/archpackages/community/go/trunk/src/go/src/cmd/cc/funct.c\n\n\nBest regards,\nAlexander RÃ¸dseth\u003c/pre\u003e",
	"user": {
		"login": "gopherbot",
		"id": 8566911,
		"type": "User",
		"site_admin": false
	},
	"labels": [
		{
			"name": "FrozenDueToAge"
		}
	],
	"comments": 4,
	"closed_at": "2014-12-08T10:27:59Z",
	"created_at": "2013-04-04T17:09:49Z",
	"updated_at": "2016-06-24T22:37:13Z"
}
