{
	"id": 112033406,
	"number": 12979,
	"state": "open",
	"title": "x/build: darwin builders occasionally failing",
	"body": "The mac builders are occasionally failing with:\r\n\r\n```\r\n--- FAIL: TestCgoCrashHandler (0.03s)\r\n\tcrash_test.go:110: Stale runtime.a. Run 'go install runtime'.\r\n--- FAIL: TestCgoSignalDeadlock (0.00s)\r\n\tcrash_test.go:110: Stale runtime.a. Run 'go install runtime'.\r\n--- FAIL: TestCgoTraceback (0.00s)\r\n\tcrash_test.go:110: Stale runtime.a. Run 'go install runtime'.\r\n--- FAIL: TestCgoCallbackGC (0.00s)\r\n\tcrash_test.go:110: Stale runtime.a. Run 'go install runtime'.\r\n--- FAIL: TestCgoExternalThreadPanic (0.00s)\r\n\tcrash_test.go:110: Stale runtime.a. Run 'go install runtime'.\r\n--- FAIL: TestCgoExternalThreadSIGPROF (0.00s)\r\n\tcrash_test.go:110: Stale runtime.a. Run 'go install runtime'.\r\n--- FAIL: TestCgoExternalThreadSignal (0.00s)\r\n\tcrash_test.go:110: Stale runtime.a. Run 'go install runtime'.\r\n--- FAIL: TestCrashHandler (0.00s)\r\n\tcrash_test.go:110: Stale runtime.a. Run 'go install runtime'.\r\n--- FAIL: TestSimpleDeadlock (0.00s)\r\n\tcrash_test.go:110: Stale runtime.a. Run 'go install runtime'.\r\n--- FAIL: TestInitDeadlock (0.00s)\r\n\tcrash_test.go:110: Stale runtime.a. Run 'go install runtime'.\r\n--- FAIL: TestLockedDeadlock (0.00s)\r\n\tcrash_test.go:110: Stale runtime.a. Run 'go install runtime'.\r\n--- FAIL: TestLockedDeadlock2 (0.00s)\r\n\tcrash_test.go:110: Stale runtime.a. Run 'go install runtime'.\r\n--- FAIL: TestGoexitDeadlock (0.00s)\r\n\tcrash_test.go:110: Stale runtime.a. Run 'go install runtime'.\r\n--- FAIL: TestStackOverflow (0.00s)\r\n\tcrash_test.go:110: Stale runtime.a. Run 'go install runtime'.\r\n--- FAIL: TestThreadExhaustion (0.00s)\r\n\tcrash_test.go:110: Stale runtime.a. Run 'go install runtime'.\r\n--- FAIL: TestRecursivePanic (0.00s)\r\n\tcrash_test.go:110: Stale runtime.a. Run 'go install runtime'.\r\n--- FAIL: TestGoexitCrash (0.00s)\r\n\tcrash_test.go:110: Stale runtime.a. Run 'go install runtime'.\r\n--- FAIL: TestGoNil (0.00s)\r\n\tcrash_test.go:110: Stale runtime.a. Run 'go install runtime'.\r\n--- FAIL: TestMainGoroutineId (0.00s)\r\n\tcrash_test.go:110: Stale runtime.a. Run 'go install runtime'.\r\n--- FAIL: TestNoHelperGoroutines (0.00s)\r\n\tcrash_test.go:110: Stale runtime.a. Run 'go install runtime'.\r\n--- FAIL: TestBreakpoint (0.00s)\r\n\tcrash_test.go:110: Stale runtime.a. Run 'go install runtime'.\r\n--- FAIL: TestGoexitInPanic (0.00s)\r\n\tcrash_test.go:110: Stale runtime.a. Run 'go install runtime'.\r\n--- FAIL: TestPanicAfterGoexit (0.00s)\r\n\tcrash_test.go:110: Stale runtime.a. Run 'go install runtime'.\r\n--- FAIL: TestRecoveredPanicAfterGoexit (0.00s)\r\n\tcrash_test.go:110: Stale runtime.a. Run 'go install runtime'.\r\n--- FAIL: TestNetpollDeadlock (0.00s)\r\n\tcrash_test.go:110: Stale runtime.a. Run 'go install runtime'.\r\n--- FAIL: TestCrashDumpsAllThreads (0.00s)\r\n\tcrash_test.go:110: Stale runtime.a. Run 'go install runtime'.\r\n--- FAIL: TestGcSys (0.00s)\r\n\tcrash_test.go:110: Stale runtime.a. Run 'go install runtime'.\r\n--- FAIL: TestGCFairness (0.00s)\r\n\tcrash_test.go:110: Stale runtime.a. Run 'go install runtime'.\r\n--- FAIL: TestLargeStringConcat (0.00s)\r\n\tcrash_test.go:110: Stale runtime.a. Run 'go install runtime'.\r\nFAIL\r\n```\r\n\r\nThis seems to be an issue related to the system time between the 4+ builders, and/or the time granularity in our .tar.gz snapshots when we shard tests between machines. (We build on one, snapshot it to a tar.gz, and then untar on N other machines....)\r\n\r\nIt appears that on a machine later running the tests from the snapshot, it thinks the runtime is stale when it actually isn't.\r\n\r\nI haven't debugged yet.\r\n\r\n/cc @adg @crawshaw ",
	"user": {
		"login": "bradfitz",
		"id": 2621,
		"type": "User",
		"site_admin": false
	},
	"labels": [
		{
			"name": "Builders"
		}
	],
	"comments": 23,
	"created_at": "2015-10-18T18:20:12Z",
	"updated_at": "2015-12-29T17:00:20Z",
	"milestone": {
		"id": 1067491,
		"number": 22,
		"title": "Unreleased"
	}
}
