{
	"id": 51285464,
	"number": 6627,
	"state": "closed",
	"title": "syscall: problem with unix domain sockets under NetBSD-6.99.x",
	"body": "\u003cpre\u003eA user reported this problem in the pkgsrc/lang/go package (which is on the 1.1 branch)\nas well as in pkgsrc-wip/go (1.2rc1). I can also reproduce it with tip and the latest\nNetBSD-current (6.99.24), running under VMware Fusion on my Mac.\n\nThe following tests fail during the build:\n\n--- FAIL: TestWithSimulated (0.00 seconds)\n        syslog_test.go:133: Dial() failed: dial unix /tmp/syslogtest63953102: no such file or directory\n--- FAIL: TestFlap (0.00 seconds)\n        syslog_test.go:154: Dial() failed: dial unix /tmp/syslogtest83137442: no such file or directory\n--- FAIL: TestConcurrentReconnect (0.00 seconds)\n        syslog_test.go:336: syslog.Dial() failed: dial unix /tmp/syslogtest97447980: no such file or directory\n        syslog_test.go:336: syslog.Dial() failed: dial unix /tmp/syslogtest97447980: no such file or directory\n        syslog_test.go:336: syslog.Dial() failed: dial unix /tmp/syslogtest97447980: no such file or directory\n        syslog_test.go:336: syslog.Dial() failed: dial unix /tmp/syslogtest97447980: no such file or directory\n        syslog_test.go:336: syslog.Dial() failed: dial unix /tmp/syslogtest97447980: no such file or directory\n        syslog_test.go:336: syslog.Dial() failed: dial unix /tmp/syslogtest97447980: no such file or directory\n        syslog_test.go:336: syslog.Dial() failed: dial unix /tmp/syslogtest97447980: no such file or directory\n        syslog_test.go:336: syslog.Dial() failed: dial unix /tmp/syslogtest97447980: no such file or directory\n        syslog_test.go:336: syslog.Dial() failed: dial unix /tmp/syslogtest97447980: no such file or directory\n        syslog_test.go:336: syslog.Dial() failed: dial unix /tmp/syslogtest97447980: no such file or directory\nFAIL\nFAIL    log/syslog      1.414s\n\n--- FAIL: TestConnAndListener (0.00 seconds)\n        conn_test.go:63: Dial failed: dial unix /tmp/nettest96083477: no such file or directory\n        conn_test.go:95: Listener.Accept failed: use of closed network connection\n--- FAIL: TestShutdownUnix (0.00 seconds)\n        net_test.go:87: Accept: accept unix /tmp/go_net_unixtest03654613: invalid argument\n        net_test.go:111: client Read: 0, EOF\n--- FAIL: TestPacketConn (0.00 seconds)\n        packetconn_test.go:31: skipping test; must be root\n        packetconn_test.go:113: PacketConn.WriteTo failed: write unixgram: no such file or directory\n--- FAIL: TestConnAndPacketConn (0.00 seconds)\n        packetconn_test.go:31: skipping test; must be root\n        packetconn_test.go:161: Dial failed: dial unixgram /tmp/nettest58061351: no such file or directory\n--- FAIL: TestStreamConnServer (0.00 seconds)\n        server_test.go:218: Dial(\u0026quot;unix\u0026quot;, \u0026quot;/tmp/gotest1.net.89\u0026quot;) failed: dial unix /tmp/gotest1.net.89: no such file or directory\n--- FAIL: TestReadUnixgramWithUnnamedSocket (0.01 seconds)\n        unix_test.go:56: UnixConn.ReadFrom failed: read unixgram /tmp/nettest48217720: invalid argument\n--- FAIL: TestReadUnixgramWithZeroBytesBuffer (0.00 seconds)\n        unix_test.go:103: UnixConn.ReadFrom failed: read unixgram /tmp/nettest77742704: invalid argument\n--- FAIL: TestUnixConnLocalAndRemoteNames (0.00 seconds)\n        unix_test.go:202: got \u0026amp;net.UnixAddr{Name:\u0026quot;/tmp/nettest27526054\u0026quot;, Net:\u0026quot;unix\u0026quot;}, expected \u0026amp;net.UnixAddr{Name:\u0026quot;/tmp/nettest275260547\u0026quot;, Net:\u0026quot;unix\u0026quot;}\n        conn_test.go:95: Listener.Accept failed: use of closed network connection\n--- FAIL: TestUnixgramConnLocalAndRemoteNames (0.00 seconds)\n        unix_test.go:255: got \u0026amp;net.UnixAddr{Name:\u0026quot;/tmp/nettest35841834\u0026quot;, Net:\u0026quot;unixgram\u0026quot;}, expected \u0026amp;net.UnixAddr{Name:\u0026quot;/tmp/nettest358418349\u0026quot;, Net:\u0026quot;unixgram\u0026quot;}\nFAIL\nFAIL    net     7.933s\n\n*** Test killed: ran too long (3m0s).\nFAIL    os/signal       185.066s\n\n--- FAIL: TestPassFD (0.00 seconds)\n        passfd_test.go:62: child process: \u0026quot;failed to find unix fd\\n\u0026quot;, \u0026lt;nil\u0026gt;\nFAIL\nFAIL    syscall 0.008s\u003c/pre\u003e",
	"user": {
		"login": "bsiegert",
		"id": 866330,
		"type": "User",
		"site_admin": false
	},
	"labels": [
		{
			"name": "FrozenDueToAge"
		}
	],
	"comments": 9,
	"closed_at": "2014-12-08T10:36:41Z",
	"created_at": "2013-10-20T16:05:48Z",
	"updated_at": "2016-06-25T01:21:03Z"
}
